
!ENTRY org.eclipse.ui.ide 4 4 2025-07-24 20:16:44.432
!MESSAGE Problems saving workspace

!ENTRY org.eclipse.ui.ide 4 1 2025-07-24 20:16:44.434
!MESSAGE Problems occurred while trying to save the state of the workbench.
!SUBENTRY 1 org.eclipse.core.resources 4 568 2025-07-24 20:16:44.434
!MESSAGE Could not write workspace metadata 'C:/Users/USER/Desktop/Coding/C/proj1/autonomous-skid-steer-vehicle/tc375_fw/src/.metadata/.plugins/org.eclipse.core.resources/.root/1.tree'.
!STACK 0
java.io.FileNotFoundException: C:\Users\USER\Desktop\Coding\C\proj1\autonomous-skid-steer-vehicle\tc375_fw\src\.metadata\.plugins\org.eclipse.core.resources\.root\1.tree (지정된 경로를 찾을 수 없습니다)
	at java.base/java.io.FileOutputStream.open0(Native Method)
	at java.base/java.io.FileOutputStream.open(FileOutputStream.java:293)
	at java.base/java.io.FileOutputStream.<init>(FileOutputStream.java:235)
	at java.base/java.io.FileOutputStream.<init>(FileOutputStream.java:184)
	at org.eclipse.core.internal.localstore.SafeFileOutputStream.<init>(SafeFileOutputStream.java:55)
	at org.eclipse.core.internal.resources.SaveManager.saveTree(SaveManager.java:1395)
	at org.eclipse.core.internal.resources.SaveManager.save(SaveManager.java:1177)
	at org.eclipse.core.internal.resources.Workspace.save(Workspace.java:2423)
	at org.eclipse.ui.internal.ide.application.IDEWorkbenchAdvisor.lambda$1(IDEWorkbenchAdvisor.java:554)
	at org.eclipse.jface.operation.ModalContext$ModalContextThread.run(ModalContext.java:122)

!ENTRY org.eclipse.core.resources 2 10035 2025-07-24 20:16:44.775
!MESSAGE The workspace will exit with unsaved changes in this session.
!SESSION 2025-07-24 20:16:51.151 -----------------------------------------------
eclipse.buildId=1.10.2
java.version=17.0.4.1
java.vendor=Eclipse Adoptium
BootLoader constants: OS=win32, ARCH=x86_64, WS=win32, NL=ko_KR
Framework arguments:  -perspective com.infineon.aurix.buildmanager.perspective.c
Command-line arguments:  -os win32 -ws win32 -arch x86_64 -perspective com.infineon.aurix.buildmanager.perspective.c

!ENTRY org.eclipse.ui 2 0 2025-07-24 20:17:33.397
!MESSAGE Warnings while parsing the commands from the 'org.eclipse.ui.commands' and 'org.eclipse.ui.actionDefinitions' extension points.
!SUBENTRY 1 org.eclipse.ui 2 0 2025-07-24 20:17:33.397
!MESSAGE Commands should really have a category: plug-in='com.infineon.aurix.buildsystem.debug', id='com.infineon.aurix.buildsystem.debug.debugActiveProjectCommand', categoryId='com.infineon.aurix.buildsystem.debug.debugActiveProjectCommand'

!ENTRY org.eclipse.ui 2 0 2025-07-24 20:17:52.441
!MESSAGE Warnings while parsing the commands from the 'org.eclipse.ui.commands' and 'org.eclipse.ui.actionDefinitions' extension points.
!SUBENTRY 1 org.eclipse.ui 2 0 2025-07-24 20:17:52.442
!MESSAGE Commands should really have a category: plug-in='com.infineon.aurix.buildsystem.debug', id='com.infineon.aurix.buildsystem.debug.debugActiveProjectCommand', categoryId='com.infineon.aurix.buildsystem.debug.debugActiveProjectCommand'

!ENTRY com.infineon.aurix.buildsystem 1 0 2025-07-24 20:17:55.686
!MESSAGE Url https://registerviewer.infineon.com/ is not reachable.

!ENTRY com.infineon.aurix.buildsystem.quicklinks 4 0 2025-07-24 20:17:57.049
!MESSAGE PKIX path building failed: sun.security.provider.certpath.SunCertPathBuilderException: unable to find valid certification path to requested target
!STACK 0
javax.net.ssl.SSLHandshakeException: PKIX path building failed: sun.security.provider.certpath.SunCertPathBuilderException: unable to find valid certification path to requested target
	at java.base/sun.security.ssl.Alert.createSSLException(Alert.java:131)
	at java.base/sun.security.ssl.TransportContext.fatal(TransportContext.java:371)
	at java.base/sun.security.ssl.TransportContext.fatal(TransportContext.java:314)
	at java.base/sun.security.ssl.TransportContext.fatal(TransportContext.java:309)
	at java.base/sun.security.ssl.CertificateMessage$T13CertificateConsumer.checkServerCerts(CertificateMessage.java:1357)
	at java.base/sun.security.ssl.CertificateMessage$T13CertificateConsumer.onConsumeCertificate(CertificateMessage.java:1232)
	at java.base/sun.security.ssl.CertificateMessage$T13CertificateConsumer.consume(CertificateMessage.java:1175)
	at java.base/sun.security.ssl.SSLHandshake.consume(SSLHandshake.java:396)
	at java.base/sun.security.ssl.HandshakeContext.dispatch(HandshakeContext.java:480)
	at java.base/sun.security.ssl.HandshakeContext.dispatch(HandshakeContext.java:458)
	at java.base/sun.security.ssl.TransportContext.dispatch(TransportContext.java:201)
	at java.base/sun.security.ssl.SSLTransport.decode(SSLTransport.java:172)
	at java.base/sun.security.ssl.SSLSocketImpl.decode(SSLSocketImpl.java:1505)
	at java.base/sun.security.ssl.SSLSocketImpl.readHandshakeRecord(SSLSocketImpl.java:1420)
	at java.base/sun.security.ssl.SSLSocketImpl.startHandshake(SSLSocketImpl.java:455)
	at java.base/sun.security.ssl.SSLSocketImpl.startHandshake(SSLSocketImpl.java:426)
	at java.base/sun.net.www.protocol.https.HttpsClient.afterConnect(HttpsClient.java:580)
	at java.base/sun.net.www.protocol.https.AbstractDelegateHttpsURLConnection.connect(AbstractDelegateHttpsURLConnection.java:187)
	at java.base/sun.net.www.protocol.http.HttpURLConnection.getInputStream0(HttpURLConnection.java:1665)
	at java.base/sun.net.www.protocol.http.HttpURLConnection.getInputStream(HttpURLConnection.java:1589)
	at java.base/sun.net.www.protocol.https.HttpsURLConnectionImpl.getInputStream(HttpsURLConnectionImpl.java:224)
	at java.base/java.net.URL.openStream(URL.java:1161)
	at com.infineon.aurix.buildsystem.quicklinks.connector.URLLinksContainerConnector.getLinksContainerJsonInputStream(URLLinksContainerConnector.java:21)
	at com.infineon.aurix.buildsystem.quicklinks.connector.CachedURLLinksContainerConnector.access$0(CachedURLLinksContainerConnector.java:1)
	at com.infineon.aurix.buildsystem.quicklinks.connector.CachedURLLinksContainerConnector$1.openStream(CachedURLLinksContainerConnector.java:31)
	at com.google.common.io.ByteSource.read(ByteSource.java:296)
	at com.infineon.aurix.buildsystem.quicklinks.connector.CachedURLLinksContainerConnector.getLinksContainerJsonInputStream(CachedURLLinksContainerConnector.java:36)
	at com.infineon.aurix.buildsystem.quicklinks.LinksManager.lambda$1(LinksManager.java:78)
	at java.base/java.util.stream.ReferencePipeline$3$1.accept(ReferencePipeline.java:197)
	at java.base/java.util.stream.SortedOps$SizedRefSortingSink.end(SortedOps.java:361)
	at java.base/java.util.stream.AbstractPipeline.copyIntoWithCancel(AbstractPipeline.java:528)
	at java.base/java.util.stream.AbstractPipeline.copyInto(AbstractPipeline.java:513)
	at java.base/java.util.stream.AbstractPipeline.wrapAndCopyInto(AbstractPipeline.java:499)
	at java.base/java.util.stream.FindOps$FindOp.evaluateSequential(FindOps.java:150)
	at java.base/java.util.stream.AbstractPipeline.evaluate(AbstractPipeline.java:234)
	at java.base/java.util.stream.ReferencePipeline.findFirst(ReferencePipeline.java:647)
	at com.infineon.aurix.buildsystem.quicklinks.LinksManager.parseConfig(LinksManager.java:92)
	at com.infineon.aurix.buildsystem.quicklinks.LinksManager.getLinksForCategories(LinksManager.java:188)
	at com.infineon.aurix.buildsystem.quicklinks.view.QuickLinksView.build(QuickLinksView.java:89)
	at com.infineon.aurix.buildsystem.quicklinks.view.QuickLinksView.createPartControl(QuickLinksView.java:76)
	at org.eclipse.ui.internal.e4.compatibility.CompatibilityPart.createPartControl(CompatibilityPart.java:158)
	at org.eclipse.ui.internal.e4.compatibility.CompatibilityView.createPartControl(CompatibilityView.java:155)
	at org.eclipse.ui.internal.e4.compatibility.CompatibilityPart.create(CompatibilityPart.java:365)
	at java.base/jdk.internal.reflect.NativeMethodAccessorImpl.invoke0(Native Method)
	at java.base/jdk.internal.reflect.NativeMethodAccessorImpl.invoke(NativeMethodAccessorImpl.java:77)
	at java.base/jdk.internal.reflect.DelegatingMethodAccessorImpl.invoke(DelegatingMethodAccessorImpl.java:43)
	at java.base/java.lang.reflect.Method.invoke(Method.java:568)
	at org.eclipse.e4.core.internal.di.MethodRequestor.execute(MethodRequestor.java:58)
	at org.eclipse.e4.core.internal.di.InjectorImpl.processAnnotated(InjectorImpl.java:987)
	at org.eclipse.e4.core.internal.di.InjectorImpl.processAnnotated(InjectorImpl.java:952)
	at org.eclipse.e4.core.internal.di.InjectorImpl.internalInject(InjectorImpl.java:141)
	at org.eclipse.e4.core.internal.di.InjectorImpl.internalMake(InjectorImpl.java:395)
	at org.eclipse.e4.core.internal.di.InjectorImpl.make(InjectorImpl.java:322)
	at org.eclipse.e4.core.contexts.ContextInjectionFactory.make(ContextInjectionFactory.java:202)
	at org.eclipse.e4.ui.internal.workbench.ReflectionContributionFactory.createFromBundle(ReflectionContributionFactory.java:91)
	at org.eclipse.e4.ui.internal.workbench.ReflectionContributionFactory.doCreate(ReflectionContributionFactory.java:60)
	at org.eclipse.e4.ui.internal.workbench.ReflectionContributionFactory.create(ReflectionContributionFactory.java:42)
	at org.eclipse.e4.ui.workbench.renderers.swt.ContributedPartRenderer.createWidget(ContributedPartRenderer.java:132)
	at org.eclipse.e4.ui.internal.workbench.swt.PartRenderingEngine.createWidget(PartRenderingEngine.java:995)
	at org.eclipse.e4.ui.internal.workbench.swt.PartRenderingEngine.safeCreateGui(PartRenderingEngine.java:659)
	at org.eclipse.e4.ui.internal.workbench.swt.PartRenderingEngine$1.run(PartRenderingEngine.java:544)
	at org.eclipse.core.runtime.SafeRunner.run(SafeRunner.java:45)
	at org.eclipse.e4.ui.internal.workbench.swt.PartRenderingEngine.createGui(PartRenderingEngine.java:528)
	at org.eclipse.e4.ui.workbench.renderers.swt.ElementReferenceRenderer.createWidget(ElementReferenceRenderer.java:73)
	at org.eclipse.e4.ui.internal.workbench.swt.PartRenderingEngine.createWidget(PartRenderingEngine.java:995)
	at org.eclipse.e4.ui.internal.workbench.swt.PartRenderingEngine.safeCreateGui(PartRenderingEngine.java:659)
	at org.eclipse.e4.ui.internal.workbench.swt.PartRenderingEngine.safeCreateGui(PartRenderingEngine.java:763)
	at org.eclipse.e4.ui.internal.workbench.swt.PartRenderingEngine$2.run(PartRenderingEngine.java:728)
	at org.eclipse.core.runtime.SafeRunner.run(SafeRunner.java:45)
	at org.eclipse.e4.ui.internal.workbench.swt.PartRenderingEngine.createGui(PartRenderingEngine.java:712)
	at org.eclipse.e4.ui.workbench.renderers.swt.StackRenderer.showTab(StackRenderer.java:1344)
	at org.eclipse.e4.ui.workbench.renderers.swt.LazyStackRenderer.postProcess(LazyStackRenderer.java:116)
	at org.eclipse.e4.ui.internal.workbench.swt.PartRenderingEngine.safeCreateGui(PartRenderingEngine.java:677)
	at org.eclipse.e4.ui.internal.workbench.swt.PartRenderingEngine.safeCreateGui(PartRenderingEngine.java:763)
	at org.eclipse.e4.ui.internal.workbench.swt.PartRenderingEngine$2.run(PartRenderingEngine.java:728)
	at org.eclipse.core.runtime.SafeRunner.run(SafeRunner.java:45)
	at org.eclipse.e4.ui.internal.workbench.swt.PartRenderingEngine.createGui(PartRenderingEngine.java:712)
	at org.eclipse.e4.ui.workbench.renderers.swt.SWTPartRenderer.processContents(SWTPartRenderer.java:72)
	at org.eclipse.e4.ui.workbench.renderers.swt.SashRenderer.processContents(SashRenderer.java:150)
	at org.eclipse.e4.ui.internal.workbench.swt.PartRenderingEngine.safeCreateGui(PartRenderingEngine.java:673)
	at org.eclipse.e4.ui.internal.workbench.swt.PartRenderingEngine.safeCreateGui(PartRenderingEngine.java:763)
	at org.eclipse.e4.ui.internal.workbench.swt.PartRenderingEngine$2.run(PartRenderingEngine.java:728)
	at org.eclipse.core.runtime.SafeRunner.run(SafeRunner.java:45)
	at org.eclipse.e4.ui.internal.workbench.swt.PartRenderingEngine.createGui(PartRenderingEngine.java:712)
	at org.eclipse.e4.ui.workbench.renderers.swt.SWTPartRenderer.processContents(SWTPartRenderer.java:72)
	at org.eclipse.e4.ui.workbench.renderers.swt.SashRenderer.processContents(SashRenderer.java:150)
	at org.eclipse.e4.ui.internal.workbench.swt.PartRenderingEngine.safeCreateGui(PartRenderingEngine.java:673)
	at org.eclipse.e4.ui.internal.workbench.swt.PartRenderingEngine.safeCreateGui(PartRenderingEngine.java:763)
	at org.eclipse.e4.ui.internal.workbench.swt.PartRenderingEngine$2.run(PartRenderingEngine.java:728)
	at org.eclipse.core.runtime.SafeRunner.run(SafeRunner.java:45)
	at org.eclipse.e4.ui.internal.workbench.swt.PartRenderingEngine.createGui(PartRenderingEngine.java:712)
	at org.eclipse.e4.ui.workbench.renderers.swt.SWTPartRenderer.processContents(SWTPartRenderer.java:72)
	at org.eclipse.e4.ui.workbench.renderers.swt.PerspectiveRenderer.processContents(PerspectiveRenderer.java:51)
	at org.eclipse.e4.ui.internal.workbench.swt.PartRenderingEngine.safeCreateGui(PartRenderingEngine.java:673)
	at org.eclipse.e4.ui.internal.workbench.swt.PartRenderingEngine.safeCreateGui(PartRenderingEngine.java:763)
	at org.eclipse.e4.ui.internal.workbench.swt.PartRenderingEngine$2.run(PartRenderingEngine.java:728)
	at org.eclipse.core.runtime.SafeRunner.run(SafeRunner.java:45)
	at org.eclipse.e4.ui.internal.workbench.swt.PartRenderingEngine.createGui(PartRenderingEngine.java:712)
	at org.eclipse.e4.ui.workbench.renderers.swt.PerspectiveStackRenderer.showTab(PerspectiveStackRenderer.java:82)
	at org.eclipse.e4.ui.workbench.renderers.swt.LazyStackRenderer.postProcess(LazyStackRenderer.java:116)
	at org.eclipse.e4.ui.workbench.renderers.swt.PerspectiveStackRenderer.postProcess(PerspectiveStackRenderer.java:64)
	at org.eclipse.e4.ui.internal.workbench.swt.PartRenderingEngine.safeCreateGui(PartRenderingEngine.java:677)
	at org.eclipse.e4.ui.internal.workbench.swt.PartRenderingEngine.safeCreateGui(PartRenderingEngine.java:763)
	at org.eclipse.e4.ui.internal.workbench.swt.PartRenderingEngine$2.run(PartRenderingEngine.java:728)
	at org.eclipse.core.runtime.SafeRunner.run(SafeRunner.java:45)
	at org.eclipse.e4.ui.internal.workbench.swt.PartRenderingEngine.createGui(PartRenderingEngine.java:712)
	at org.eclipse.e4.ui.workbench.renderers.swt.SWTPartRenderer.processContents(SWTPartRenderer.java:72)
	at org.eclipse.e4.ui.workbench.renderers.swt.SashRenderer.processContents(SashRenderer.java:150)
	at org.eclipse.e4.ui.internal.workbench.swt.PartRenderingEngine.safeCreateGui(PartRenderingEngine.java:673)
	at org.eclipse.e4.ui.internal.workbench.swt.PartRenderingEngine.safeCreateGui(PartRenderingEngine.java:763)
	at org.eclipse.e4.ui.internal.workbench.swt.PartRenderingEngine$2.run(PartRenderingEngine.java:728)
	at org.eclipse.core.runtime.SafeRunner.run(SafeRunner.java:45)
	at org.eclipse.e4.ui.internal.workbench.swt.PartRenderingEngine.createGui(PartRenderingEngine.java:712)
	at org.eclipse.e4.ui.workbench.renderers.swt.SWTPartRenderer.processContents(SWTPartRenderer.java:72)
	at org.eclipse.e4.ui.workbench.renderers.swt.WBWRenderer.processContents(WBWRenderer.java:658)
	at org.eclipse.e4.ui.internal.workbench.swt.PartRenderingEngine.safeCreateGui(PartRenderingEngine.java:673)
	at org.eclipse.e4.ui.internal.workbench.swt.PartRenderingEngine.safeCreateGui(PartRenderingEngine.java:763)
	at org.eclipse.e4.ui.internal.workbench.swt.PartRenderingEngine$2.run(PartRenderingEngine.java:728)
	at org.eclipse.core.runtime.SafeRunner.run(SafeRunner.java:45)
	at org.eclipse.e4.ui.internal.workbench.swt.PartRenderingEngine.createGui(PartRenderingEngine.java:712)
	at org.eclipse.e4.ui.internal.workbench.swt.PartRenderingEngine$5.run(PartRenderingEngine.java:1083)
	at org.eclipse.core.databinding.observable.Realm.runWithDefault(Realm.java:338)
	at org.eclipse.e4.ui.internal.workbench.swt.PartRenderingEngine.run(PartRenderingEngine.java:1046)
	at org.eclipse.e4.ui.internal.workbench.E4Workbench.createAndRunUI(E4Workbench.java:155)
	at org.eclipse.ui.internal.Workbench.lambda$3(Workbench.java:643)
	at org.eclipse.core.databinding.observable.Realm.runWithDefault(Realm.java:338)
	at org.eclipse.ui.internal.Workbench.createAndRunWorkbench(Workbench.java:550)
	at org.eclipse.ui.PlatformUI.createAndRunWorkbench(PlatformUI.java:171)
	at org.eclipse.ui.internal.ide.application.IDEApplication.start(IDEApplication.java:152)
	at org.eclipse.equinox.internal.app.EclipseAppHandle.run(EclipseAppHandle.java:203)
	at org.eclipse.core.runtime.internal.adaptor.EclipseAppLauncher.runApplication(EclipseAppLauncher.java:136)
	at org.eclipse.core.runtime.internal.adaptor.EclipseAppLauncher.start(EclipseAppLauncher.java:104)
	at org.eclipse.core.runtime.adaptor.EclipseStarter.run(EclipseStarter.java:402)
	at org.eclipse.core.runtime.adaptor.EclipseStarter.run(EclipseStarter.java:255)
	at java.base/jdk.internal.reflect.NativeMethodAccessorImpl.invoke0(Native Method)
	at java.base/jdk.internal.reflect.NativeMethodAccessorImpl.invoke(NativeMethodAccessorImpl.java:77)
	at java.base/jdk.internal.reflect.DelegatingMethodAccessorImpl.invoke(DelegatingMethodAccessorImpl.java:43)
	at java.base/java.lang.reflect.Method.invoke(Method.java:568)
	at org.eclipse.equinox.launcher.Main.invokeFramework(Main.java:659)
	at org.eclipse.equinox.launcher.Main.basicRun(Main.java:596)
	at org.eclipse.equinox.launcher.Main.run(Main.java:1467)
Caused by: sun.security.validator.ValidatorException: PKIX path building failed: sun.security.provider.certpath.SunCertPathBuilderException: unable to find valid certification path to requested target
	at java.base/sun.security.validator.PKIXValidator.doBuild(PKIXValidator.java:439)
	at java.base/sun.security.validator.PKIXValidator.engineValidate(PKIXValidator.java:306)
	at java.base/sun.security.validator.Validator.validate(Validator.java:264)
	at java.base/sun.security.ssl.X509TrustManagerImpl.checkTrusted(X509TrustManagerImpl.java:231)
	at java.base/sun.security.ssl.X509TrustManagerImpl.checkServerTrusted(X509TrustManagerImpl.java:132)
	at java.base/sun.security.ssl.CertificateMessage$T13CertificateConsumer.checkServerCerts(CertificateMessage.java:1341)
	... 136 more
Caused by: sun.security.provider.certpath.SunCertPathBuilderException: unable to find valid certification path to requested target
	at java.base/sun.security.provider.certpath.SunCertPathBuilder.build(SunCertPathBuilder.java:141)
	at java.base/sun.security.provider.certpath.SunCertPathBuilder.engineBuild(SunCertPathBuilder.java:126)
	at java.base/java.security.cert.CertPathBuilder.build(CertPathBuilder.java:297)
	at java.base/sun.security.validator.PKIXValidator.doBuild(PKIXValidator.java:434)
	... 141 more

!ENTRY com.infineon.aurix.buildsystem 4 0 2025-07-24 20:17:58.260
!MESSAGE ConnectException
!STACK 0
java.net.ConnectException
	at java.net.http/jdk.internal.net.http.HttpClientImpl.send(HttpClientImpl.java:573)
	at java.net.http/jdk.internal.net.http.HttpClientFacade.send(HttpClientFacade.java:123)
	at com.infineon.aurix.buildsystem.IFXNetworkUtils$1.run(IFXNetworkUtils.java:44)
	at org.eclipse.core.internal.jobs.Worker.run(Worker.java:63)
Caused by: java.net.ConnectException
	at java.net.http/jdk.internal.net.http.common.Utils.toConnectException(Utils.java:1047)
	at java.net.http/jdk.internal.net.http.PlainHttpConnection.connectAsync(PlainHttpConnection.java:198)
	at java.net.http/jdk.internal.net.http.AsyncSSLConnection.connectAsync(AsyncSSLConnection.java:56)
	at java.net.http/jdk.internal.net.http.Http1Exchange.sendHeadersAsync(Http1Exchange.java:239)
	at java.net.http/jdk.internal.net.http.Exchange.lambda$responseAsyncImpl0$9(Exchange.java:472)
	at java.net.http/jdk.internal.net.http.Exchange.checkFor407(Exchange.java:404)
	at java.net.http/jdk.internal.net.http.Exchange.lambda$responseAsyncImpl0$10(Exchange.java:476)
	at java.base/java.util.concurrent.CompletableFuture.uniHandle(CompletableFuture.java:934)
	at java.base/java.util.concurrent.CompletableFuture.uniHandleStage(CompletableFuture.java:950)
	at java.base/java.util.concurrent.CompletableFuture.handle(CompletableFuture.java:2340)
	at java.net.http/jdk.internal.net.http.Exchange.responseAsyncImpl0(Exchange.java:476)
	at java.net.http/jdk.internal.net.http.Exchange.responseAsyncImpl(Exchange.java:380)
	at java.net.http/jdk.internal.net.http.Exchange.responseAsync(Exchange.java:372)
	at java.net.http/jdk.internal.net.http.MultiExchange.responseAsyncImpl(MultiExchange.java:408)
	at java.net.http/jdk.internal.net.http.MultiExchange.lambda$responseAsyncImpl$7(MultiExchange.java:449)
	at java.base/java.util.concurrent.CompletableFuture.uniHandle(CompletableFuture.java:934)
	at java.base/java.util.concurrent.CompletableFuture.uniHandleStage(CompletableFuture.java:950)
	at java.base/java.util.concurrent.CompletableFuture.handle(CompletableFuture.java:2340)
	at java.net.http/jdk.internal.net.http.MultiExchange.responseAsyncImpl(MultiExchange.java:439)
	at java.net.http/jdk.internal.net.http.MultiExchange.lambda$responseAsync0$2(MultiExchange.java:341)
	at java.base/java.util.concurrent.CompletableFuture$UniCompose.tryFire(CompletableFuture.java:1150)
	at java.base/java.util.concurrent.CompletableFuture.postComplete(CompletableFuture.java:510)
	at java.base/java.util.concurrent.CompletableFuture$AsyncSupply.run(CompletableFuture.java:1773)
	at java.net.http/jdk.internal.net.http.HttpClientImpl$DelegatingExecutor.execute(HttpClientImpl.java:157)
	at java.base/java.util.concurrent.CompletableFuture.completeAsync(CompletableFuture.java:2673)
	at java.net.http/jdk.internal.net.http.MultiExchange.responseAsync(MultiExchange.java:294)
	at java.net.http/jdk.internal.net.http.HttpClientImpl.sendAsync(HttpClientImpl.java:654)
	at java.net.http/jdk.internal.net.http.HttpClientImpl.send(HttpClientImpl.java:552)
	... 3 more
Caused by: java.nio.channels.UnresolvedAddressException
	at java.base/sun.nio.ch.Net.checkAddress(Net.java:149)
	at java.base/sun.nio.ch.Net.checkAddress(Net.java:157)
	at java.base/sun.nio.ch.SocketChannelImpl.checkRemote(SocketChannelImpl.java:816)
	at java.base/sun.nio.ch.SocketChannelImpl.connect(SocketChannelImpl.java:839)
	at java.net.http/jdk.internal.net.http.PlainHttpConnection.lambda$connectAsync$0(PlainHttpConnection.java:183)
	at java.base/java.security.AccessController.doPrivileged(AccessController.java:569)
	at java.net.http/jdk.internal.net.http.PlainHttpConnection.connectAsync(PlainHttpConnection.java:185)
	... 29 more

!ENTRY com.infineon.aurix.buildsystem.notification 4 0 2025-07-24 20:17:58.583
!MESSAGE PKIX path building failed: sun.security.provider.certpath.SunCertPathBuilderException: unable to find valid certification path to requested target
!STACK 0
javax.net.ssl.SSLHandshakeException: PKIX path building failed: sun.security.provider.certpath.SunCertPathBuilderException: unable to find valid certification path to requested target
	at java.base/sun.security.ssl.Alert.createSSLException(Alert.java:131)
	at java.base/sun.security.ssl.TransportContext.fatal(TransportContext.java:371)
	at java.base/sun.security.ssl.TransportContext.fatal(TransportContext.java:314)
	at java.base/sun.security.ssl.TransportContext.fatal(TransportContext.java:309)
	at java.base/sun.security.ssl.CertificateMessage$T13CertificateConsumer.checkServerCerts(CertificateMessage.java:1357)
	at java.base/sun.security.ssl.CertificateMessage$T13CertificateConsumer.onConsumeCertificate(CertificateMessage.java:1232)
	at java.base/sun.security.ssl.CertificateMessage$T13CertificateConsumer.consume(CertificateMessage.java:1175)
	at java.base/sun.security.ssl.SSLHandshake.consume(SSLHandshake.java:396)
	at java.base/sun.security.ssl.HandshakeContext.dispatch(HandshakeContext.java:480)
	at java.base/sun.security.ssl.HandshakeContext.dispatch(HandshakeContext.java:458)
	at java.base/sun.security.ssl.TransportContext.dispatch(TransportContext.java:201)
	at java.base/sun.security.ssl.SSLTransport.decode(SSLTransport.java:172)
	at java.base/sun.security.ssl.SSLSocketImpl.decode(SSLSocketImpl.java:1505)
	at java.base/sun.security.ssl.SSLSocketImpl.readHandshakeRecord(SSLSocketImpl.java:1420)
	at java.base/sun.security.ssl.SSLSocketImpl.startHandshake(SSLSocketImpl.java:455)
	at java.base/sun.security.ssl.SSLSocketImpl.startHandshake(SSLSocketImpl.java:426)
	at java.base/sun.net.www.protocol.https.HttpsClient.afterConnect(HttpsClient.java:580)
	at java.base/sun.net.www.protocol.https.AbstractDelegateHttpsURLConnection.connect(AbstractDelegateHttpsURLConnection.java:187)
	at java.base/sun.net.www.protocol.https.HttpsURLConnectionImpl.connect(HttpsURLConnectionImpl.java:142)
	at com.google.api.client.http.javanet.NetHttpRequest.execute(NetHttpRequest.java:148)
	at com.google.api.client.http.javanet.NetHttpRequest.execute(NetHttpRequest.java:84)
	at com.google.api.client.http.HttpRequest.execute(HttpRequest.java:1012)
	at com.infineon.aurix.buildsystem.notification.NotificationService$NotificationGetJob.run(NotificationService.java:205)
	at org.eclipse.core.internal.jobs.Worker.run(Worker.java:63)
Caused by: sun.security.validator.ValidatorException: PKIX path building failed: sun.security.provider.certpath.SunCertPathBuilderException: unable to find valid certification path to requested target
	at java.base/sun.security.validator.PKIXValidator.doBuild(PKIXValidator.java:439)
	at java.base/sun.security.validator.PKIXValidator.engineValidate(PKIXValidator.java:306)
	at java.base/sun.security.validator.Validator.validate(Validator.java:264)
	at java.base/sun.security.ssl.X509TrustManagerImpl.checkTrusted(X509TrustManagerImpl.java:231)
	at java.base/sun.security.ssl.X509TrustManagerImpl.checkServerTrusted(X509TrustManagerImpl.java:132)
	at java.base/sun.security.ssl.CertificateMessage$T13CertificateConsumer.checkServerCerts(CertificateMessage.java:1341)
	... 19 more
Caused by: sun.security.provider.certpath.SunCertPathBuilderException: unable to find valid certification path to requested target
	at java.base/sun.security.provider.certpath.SunCertPathBuilder.build(SunCertPathBuilder.java:141)
	at java.base/sun.security.provider.certpath.SunCertPathBuilder.engineBuild(SunCertPathBuilder.java:126)
	at java.base/java.security.cert.CertPathBuilder.build(CertPathBuilder.java:297)
	at java.base/sun.security.validator.PKIXValidator.doBuild(PKIXValidator.java:434)
	... 24 more

!ENTRY com.infineon.aurix.buildsystem.notification 4 0 2025-07-24 20:17:58.585
!MESSAGE PKIX path building failed: sun.security.provider.certpath.SunCertPathBuilderException: unable to find valid certification path to requested target
!STACK 0
javax.net.ssl.SSLHandshakeException: PKIX path building failed: sun.security.provider.certpath.SunCertPathBuilderException: unable to find valid certification path to requested target
	at java.base/sun.security.ssl.Alert.createSSLException(Alert.java:131)
	at java.base/sun.security.ssl.TransportContext.fatal(TransportContext.java:371)
	at java.base/sun.security.ssl.TransportContext.fatal(TransportContext.java:314)
	at java.base/sun.security.ssl.TransportContext.fatal(TransportContext.java:309)
	at java.base/sun.security.ssl.CertificateMessage$T13CertificateConsumer.checkServerCerts(CertificateMessage.java:1357)
	at java.base/sun.security.ssl.CertificateMessage$T13CertificateConsumer.onConsumeCertificate(CertificateMessage.java:1232)
	at java.base/sun.security.ssl.CertificateMessage$T13CertificateConsumer.consume(CertificateMessage.java:1175)
	at java.base/sun.security.ssl.SSLHandshake.consume(SSLHandshake.java:396)
	at java.base/sun.security.ssl.HandshakeContext.dispatch(HandshakeContext.java:480)
	at java.base/sun.security.ssl.HandshakeContext.dispatch(HandshakeContext.java:458)
	at java.base/sun.security.ssl.TransportContext.dispatch(TransportContext.java:201)
	at java.base/sun.security.ssl.SSLTransport.decode(SSLTransport.java:172)
	at java.base/sun.security.ssl.SSLSocketImpl.decode(SSLSocketImpl.java:1505)
	at java.base/sun.security.ssl.SSLSocketImpl.readHandshakeRecord(SSLSocketImpl.java:1420)
	at java.base/sun.security.ssl.SSLSocketImpl.startHandshake(SSLSocketImpl.java:455)
	at java.base/sun.security.ssl.SSLSocketImpl.startHandshake(SSLSocketImpl.java:426)
	at java.base/sun.net.www.protocol.https.HttpsClient.afterConnect(HttpsClient.java:580)
	at java.base/sun.net.www.protocol.https.AbstractDelegateHttpsURLConnection.connect(AbstractDelegateHttpsURLConnection.java:187)
	at java.base/sun.net.www.protocol.https.HttpsURLConnectionImpl.connect(HttpsURLConnectionImpl.java:142)
	at com.google.api.client.http.javanet.NetHttpRequest.execute(NetHttpRequest.java:148)
	at com.google.api.client.http.javanet.NetHttpRequest.execute(NetHttpRequest.java:84)
	at com.google.api.client.http.HttpRequest.execute(HttpRequest.java:1012)
	at com.infineon.aurix.buildsystem.notification.NotificationService$NotificationGetJob.run(NotificationService.java:205)
	at org.eclipse.core.internal.jobs.Worker.run(Worker.java:63)
Caused by: sun.security.validator.ValidatorException: PKIX path building failed: sun.security.provider.certpath.SunCertPathBuilderException: unable to find valid certification path to requested target
	at java.base/sun.security.validator.PKIXValidator.doBuild(PKIXValidator.java:439)
	at java.base/sun.security.validator.PKIXValidator.engineValidate(PKIXValidator.java:306)
	at java.base/sun.security.validator.Validator.validate(Validator.java:264)
	at java.base/sun.security.ssl.X509TrustManagerImpl.checkTrusted(X509TrustManagerImpl.java:231)
	at java.base/sun.security.ssl.X509TrustManagerImpl.checkServerTrusted(X509TrustManagerImpl.java:132)
	at java.base/sun.security.ssl.CertificateMessage$T13CertificateConsumer.checkServerCerts(CertificateMessage.java:1341)
	... 19 more
Caused by: sun.security.provider.certpath.SunCertPathBuilderException: unable to find valid certification path to requested target
	at java.base/sun.security.provider.certpath.SunCertPathBuilder.build(SunCertPathBuilder.java:141)
	at java.base/sun.security.provider.certpath.SunCertPathBuilder.engineBuild(SunCertPathBuilder.java:126)
	at java.base/java.security.cert.CertPathBuilder.build(CertPathBuilder.java:297)
	at java.base/sun.security.validator.PKIXValidator.doBuild(PKIXValidator.java:434)
	... 24 more

!ENTRY com.infineon.aurix.buildsystem.notification 4 0 2025-07-24 20:17:58.608
!MESSAGE PKIX path building failed: sun.security.provider.certpath.SunCertPathBuilderException: unable to find valid certification path to requested target
!STACK 0
javax.net.ssl.SSLHandshakeException: PKIX path building failed: sun.security.provider.certpath.SunCertPathBuilderException: unable to find valid certification path to requested target
	at java.base/sun.security.ssl.Alert.createSSLException(Alert.java:131)
	at java.base/sun.security.ssl.TransportContext.fatal(TransportContext.java:371)
	at java.base/sun.security.ssl.TransportContext.fatal(TransportContext.java:314)
	at java.base/sun.security.ssl.TransportContext.fatal(TransportContext.java:309)
	at java.base/sun.security.ssl.CertificateMessage$T13CertificateConsumer.checkServerCerts(CertificateMessage.java:1357)
	at java.base/sun.security.ssl.CertificateMessage$T13CertificateConsumer.onConsumeCertificate(CertificateMessage.java:1232)
	at java.base/sun.security.ssl.CertificateMessage$T13CertificateConsumer.consume(CertificateMessage.java:1175)
	at java.base/sun.security.ssl.SSLHandshake.consume(SSLHandshake.java:396)
	at java.base/sun.security.ssl.HandshakeContext.dispatch(HandshakeContext.java:480)
	at java.base/sun.security.ssl.HandshakeContext.dispatch(HandshakeContext.java:458)
	at java.base/sun.security.ssl.TransportContext.dispatch(TransportContext.java:201)
	at java.base/sun.security.ssl.SSLTransport.decode(SSLTransport.java:172)
	at java.base/sun.security.ssl.SSLSocketImpl.decode(SSLSocketImpl.java:1505)
	at java.base/sun.security.ssl.SSLSocketImpl.readHandshakeRecord(SSLSocketImpl.java:1420)
	at java.base/sun.security.ssl.SSLSocketImpl.startHandshake(SSLSocketImpl.java:455)
	at java.base/sun.security.ssl.SSLSocketImpl.startHandshake(SSLSocketImpl.java:426)
	at java.base/sun.net.www.protocol.https.HttpsClient.afterConnect(HttpsClient.java:580)
	at java.base/sun.net.www.protocol.https.AbstractDelegateHttpsURLConnection.connect(AbstractDelegateHttpsURLConnection.java:187)
	at java.base/sun.net.www.protocol.https.HttpsURLConnectionImpl.connect(HttpsURLConnectionImpl.java:142)
	at com.google.api.client.http.javanet.NetHttpRequest.execute(NetHttpRequest.java:148)
	at com.google.api.client.http.javanet.NetHttpRequest.execute(NetHttpRequest.java:84)
	at com.google.api.client.http.HttpRequest.execute(HttpRequest.java:1012)
	at com.infineon.aurix.buildsystem.notification.NotificationService$NotificationGetJob.run(NotificationService.java:205)
	at org.eclipse.core.internal.jobs.Worker.run(Worker.java:63)
Caused by: sun.security.validator.ValidatorException: PKIX path building failed: sun.security.provider.certpath.SunCertPathBuilderException: unable to find valid certification path to requested target
	at java.base/sun.security.validator.PKIXValidator.doBuild(PKIXValidator.java:439)
	at java.base/sun.security.validator.PKIXValidator.engineValidate(PKIXValidator.java:306)
	at java.base/sun.security.validator.Validator.validate(Validator.java:264)
	at java.base/sun.security.ssl.X509TrustManagerImpl.checkTrusted(X509TrustManagerImpl.java:231)
	at java.base/sun.security.ssl.X509TrustManagerImpl.checkServerTrusted(X509TrustManagerImpl.java:132)
	at java.base/sun.security.ssl.CertificateMessage$T13CertificateConsumer.checkServerCerts(CertificateMessage.java:1341)
	... 19 more
Caused by: sun.security.provider.certpath.SunCertPathBuilderException: unable to find valid certification path to requested target
	at java.base/sun.security.provider.certpath.SunCertPathBuilder.build(SunCertPathBuilder.java:141)
	at java.base/sun.security.provider.certpath.SunCertPathBuilder.engineBuild(SunCertPathBuilder.java:126)
	at java.base/java.security.cert.CertPathBuilder.build(CertPathBuilder.java:297)
	at java.base/sun.security.validator.PKIXValidator.doBuild(PKIXValidator.java:434)
	... 24 more

!ENTRY org.eclipse.cdt.core 1 0 2025-07-24 20:19:07.150
!MESSAGE Indexed 'mypj' (101 sources, 528 headers) in 24 sec: 136,973 declarations; 143,984 references; 12 unresolved inclusions; 5,127 syntax errors; 1,123 unresolved names (0.4%)

!ENTRY com.infineon.aurix.buildsystem 1 0 2025-07-24 20:26:26.808
!MESSAGE Boosting configuration TriCore Debug (TASKING) of project mypj boosted in 1644 milliseconds. (full boost)

!ENTRY com.infineon.aurix.buildsystem 1 0 2025-07-24 20:26:26.904
!MESSAGE Include paths were discovered in 89 milliseconds.

!ENTRY com.infineon.aurix.buildsystem 1 0 2025-07-24 20:26:45.523
!MESSAGE Boosting configuration TriCore Debug (TASKING) of project mypj boosted in 242 milliseconds. (incremental boost)

!ENTRY com.infineon.aurix.buildsystem 1 0 2025-07-24 20:26:45.622
!MESSAGE Include paths were discovered in 96 milliseconds.

!ENTRY com.infineon.aurix.buildsystem 1 0 2025-07-24 20:27:48.595
!MESSAGE Boosting configuration TriCore Debug (TASKING) of project mypj boosted in 1215 milliseconds. (full boost)

!ENTRY com.infineon.aurix.buildsystem 1 0 2025-07-24 20:27:48.649
!MESSAGE Include paths were discovered in 52 milliseconds.

!ENTRY com.infineon.aurix.buildsystem 1 0 2025-07-24 20:28:14.985
!MESSAGE Project index is not complete, and cannot be used for boosting.

!ENTRY com.infineon.aurix.buildsystem 1 0 2025-07-24 20:28:14.985
!MESSAGE Boosting configuration TriCore Debug (TASKING) of project mypj boosted in 0 milliseconds. (incremental boost)

!ENTRY com.infineon.aurix.buildsystem 1 0 2025-07-24 20:28:15.077
!MESSAGE Include paths were discovered in 89 milliseconds.

!ENTRY com.infineon.aurix.buildsystem 1 0 2025-07-25 10:52:10.523
!MESSAGE Boosting configuration TriCore Debug (TASKING) of project mypj boosted in 3436 milliseconds. (incremental boost)

!ENTRY com.infineon.aurix.buildsystem 1 0 2025-07-25 10:52:10.570
!MESSAGE Include paths were discovered in 46 milliseconds.

!ENTRY com.infineon.aurix.buildsystem 1 0 2025-07-25 10:52:31.410
!MESSAGE Boosting configuration TriCore Debug (TASKING) of project mypj boosted in 1349 milliseconds. (incremental boost)

!ENTRY com.infineon.aurix.buildsystem 1 0 2025-07-25 10:52:31.465
!MESSAGE Include paths were discovered in 54 milliseconds.

!ENTRY com.infineon.aurix.buildsystem 1 0 2025-07-25 10:52:53.152
!MESSAGE Boosting configuration TriCore Debug (TASKING) of project mypj boosted in 1224 milliseconds. (incremental boost)

!ENTRY com.infineon.aurix.buildsystem 1 0 2025-07-25 10:52:53.209
!MESSAGE Include paths were discovered in 56 milliseconds.

!ENTRY com.infineon.aurix.buildsystem 1 0 2025-07-25 11:05:36.200
!MESSAGE Project index is not complete, and cannot be used for boosting.

!ENTRY com.infineon.aurix.buildsystem 1 0 2025-07-25 11:05:36.201
!MESSAGE Boosting configuration TriCore Debug (TASKING) of project mypj boosted in 0 milliseconds. (incremental boost)

!ENTRY com.infineon.aurix.buildsystem 1 0 2025-07-25 11:05:36.307
!MESSAGE Include paths were discovered in 103 milliseconds.

!ENTRY com.infineon.aurix.buildsystem 1 0 2025-07-25 11:10:19.486
!MESSAGE Project index is not complete, and cannot be used for boosting.

!ENTRY com.infineon.aurix.buildsystem 1 0 2025-07-25 11:10:19.487
!MESSAGE Boosting configuration TriCore Debug (TASKING) of project mypj boosted in 0 milliseconds. (incremental boost)

!ENTRY com.infineon.aurix.buildsystem 1 0 2025-07-25 11:10:19.563
!MESSAGE Include paths were discovered in 73 milliseconds.

!ENTRY com.infineon.aurix.buildsystem 1 0 2025-07-25 11:24:46.494
!MESSAGE Project index is not complete, and cannot be used for boosting.

!ENTRY com.infineon.aurix.buildsystem 1 0 2025-07-25 11:24:46.495
!MESSAGE Boosting configuration TriCore Debug (TASKING) of project mypj boosted in 1 milliseconds. (incremental boost)

!ENTRY com.infineon.aurix.buildsystem 1 0 2025-07-25 11:24:46.583
!MESSAGE Include paths were discovered in 85 milliseconds.

!ENTRY com.infineon.aurix.buildsystem 1 0 2025-07-25 11:25:16.210
!MESSAGE Project index is not complete, and cannot be used for boosting.

!ENTRY com.infineon.aurix.buildsystem 1 0 2025-07-25 11:25:16.211
!MESSAGE Boosting configuration TriCore Debug (TASKING) of project mypj boosted in 0 milliseconds. (incremental boost)

!ENTRY com.infineon.aurix.buildsystem 1 0 2025-07-25 11:25:16.269
!MESSAGE Include paths were discovered in 56 milliseconds.

!ENTRY com.infineon.aurix.buildsystem 1 0 2025-07-25 13:58:52.946
!MESSAGE Project index is not complete, and cannot be used for boosting.

!ENTRY com.infineon.aurix.buildsystem 1 0 2025-07-25 13:58:52.947
!MESSAGE Boosting configuration TriCore Debug (TASKING) of project mypj boosted in 1 milliseconds. (incremental boost)

!ENTRY com.infineon.aurix.buildsystem 1 0 2025-07-25 13:58:53.052
!MESSAGE Include paths were discovered in 103 milliseconds.

!ENTRY com.infineon.aurix.buildsystem 1 0 2025-07-25 14:03:16.572
!MESSAGE Project index is not complete, and cannot be used for boosting.

!ENTRY com.infineon.aurix.buildsystem 1 0 2025-07-25 14:03:16.572
!MESSAGE Boosting configuration TriCore Debug (TASKING) of project mypj boosted in 1 milliseconds. (incremental boost)

!ENTRY com.infineon.aurix.buildsystem 1 0 2025-07-25 14:03:16.683
!MESSAGE Include paths were discovered in 108 milliseconds.

!ENTRY com.infineon.aurix.buildsystem 1 0 2025-07-25 14:25:11.379
!MESSAGE Project index is not complete, and cannot be used for boosting.

!ENTRY com.infineon.aurix.buildsystem 1 0 2025-07-25 14:25:11.379
!MESSAGE Boosting configuration TriCore Debug (TASKING) of project mypj boosted in 0 milliseconds. (incremental boost)

!ENTRY com.infineon.aurix.buildsystem 1 0 2025-07-25 14:25:11.414
!MESSAGE Include paths were discovered in 34 milliseconds.

!ENTRY com.infineon.aurix.buildsystem 1 0 2025-07-25 14:33:01.162
!MESSAGE Project index is not complete, and cannot be used for boosting.

!ENTRY com.infineon.aurix.buildsystem 1 0 2025-07-25 14:33:01.163
!MESSAGE Boosting configuration TriCore Debug (TASKING) of project mypj boosted in 0 milliseconds. (incremental boost)

!ENTRY com.infineon.aurix.buildsystem 1 0 2025-07-25 14:33:01.211
!MESSAGE Include paths were discovered in 47 milliseconds.

!ENTRY com.infineon.aurix.buildsystem 1 0 2025-07-25 14:33:59.594
!MESSAGE Project index is not complete, and cannot be used for boosting.

!ENTRY com.infineon.aurix.buildsystem 1 0 2025-07-25 14:33:59.595
!MESSAGE Boosting configuration TriCore Debug (TASKING) of project mypj boosted in 1 milliseconds. (incremental boost)

!ENTRY com.infineon.aurix.buildsystem 1 0 2025-07-25 14:33:59.648
!MESSAGE Include paths were discovered in 51 milliseconds.

!ENTRY com.infineon.aurix.buildsystem 1 0 2025-07-25 14:44:38.874
!MESSAGE Project index is not complete, and cannot be used for boosting.

!ENTRY com.infineon.aurix.buildsystem 1 0 2025-07-25 14:44:38.891
!MESSAGE Boosting configuration TriCore Debug (TASKING) of project mypj boosted in 0 milliseconds. (incremental boost)

!ENTRY com.infineon.aurix.buildsystem 1 0 2025-07-25 14:44:38.948
!MESSAGE Include paths were discovered in 56 milliseconds.

!ENTRY com.infineon.aurix.buildsystem 1 0 2025-07-25 14:45:13.938
!MESSAGE Project index is not complete, and cannot be used for boosting.

!ENTRY com.infineon.aurix.buildsystem 1 0 2025-07-25 14:45:13.939
!MESSAGE Boosting configuration TriCore Debug (TASKING) of project mypj boosted in 1 milliseconds. (incremental boost)

!ENTRY com.infineon.aurix.buildsystem 1 0 2025-07-25 14:45:13.991
!MESSAGE Include paths were discovered in 50 milliseconds.

!ENTRY com.infineon.aurix.buildsystem 1 0 2025-07-25 14:46:18.278
!MESSAGE Project index is not complete, and cannot be used for boosting.

!ENTRY com.infineon.aurix.buildsystem 1 0 2025-07-25 14:46:18.279
!MESSAGE Boosting configuration TriCore Debug (TASKING) of project mypj boosted in 0 milliseconds. (incremental boost)

!ENTRY com.infineon.aurix.buildsystem 1 0 2025-07-25 14:46:18.336
!MESSAGE Include paths were discovered in 56 milliseconds.

!ENTRY com.infineon.aurix.buildsystem 1 0 2025-07-25 14:47:02.722
!MESSAGE Project index is not complete, and cannot be used for boosting.

!ENTRY com.infineon.aurix.buildsystem 1 0 2025-07-25 14:47:02.723
!MESSAGE Boosting configuration TriCore Debug (TASKING) of project mypj boosted in 0 milliseconds. (incremental boost)

!ENTRY com.infineon.aurix.buildsystem 1 0 2025-07-25 14:47:02.814
!MESSAGE Include paths were discovered in 90 milliseconds.

!ENTRY com.infineon.aurix.buildsystem 1 0 2025-07-25 15:43:47.922
!MESSAGE Project index is not complete, and cannot be used for boosting.

!ENTRY com.infineon.aurix.buildsystem 1 0 2025-07-25 15:43:47.923
!MESSAGE Boosting configuration TriCore Debug (TASKING) of project mypj boosted in 0 milliseconds. (incremental boost)

!ENTRY com.infineon.aurix.buildsystem 1 0 2025-07-25 15:43:47.971
!MESSAGE Include paths were discovered in 47 milliseconds.

!ENTRY com.infineon.aurix.buildsystem 1 0 2025-07-25 15:44:08.334
!MESSAGE Boosting configuration TriCore Debug (TASKING) of project mypj boosted in 1268 milliseconds. (incremental boost)

!ENTRY com.infineon.aurix.buildsystem 1 0 2025-07-25 15:44:08.376
!MESSAGE Include paths were discovered in 40 milliseconds.

!ENTRY com.infineon.aurix.buildsystem 1 0 2025-07-25 15:44:27.614
!MESSAGE Project index is not complete, and cannot be used for boosting.

!ENTRY com.infineon.aurix.buildsystem 1 0 2025-07-25 15:44:27.615
!MESSAGE Boosting configuration TriCore Debug (TASKING) of project mypj boosted in 1 milliseconds. (incremental boost)

!ENTRY com.infineon.aurix.buildsystem 1 0 2025-07-25 15:44:27.663
!MESSAGE Include paths were discovered in 46 milliseconds.

!ENTRY com.infineon.aurix.buildsystem 1 0 2025-07-25 15:45:19.073
!MESSAGE Project index is not complete, and cannot be used for boosting.

!ENTRY com.infineon.aurix.buildsystem 1 0 2025-07-25 15:45:19.073
!MESSAGE Boosting configuration TriCore Debug (TASKING) of project mypj boosted in 0 milliseconds. (incremental boost)

!ENTRY com.infineon.aurix.buildsystem 1 0 2025-07-25 15:45:19.123
!MESSAGE Include paths were discovered in 48 milliseconds.

!ENTRY com.infineon.aurix.buildsystem 1 0 2025-07-25 15:46:24.555
!MESSAGE Boosting configuration TriCore Debug (TASKING) of project mypj boosted in 151 milliseconds. (incremental boost)

!ENTRY com.infineon.aurix.buildsystem 1 0 2025-07-25 15:46:24.603
!MESSAGE Include paths were discovered in 46 milliseconds.

!ENTRY com.infineon.aurix.buildsystem 1 0 2025-07-25 15:55:25.505
!MESSAGE Project index is not complete, and cannot be used for boosting.

!ENTRY com.infineon.aurix.buildsystem 1 0 2025-07-25 15:55:25.506
!MESSAGE Boosting configuration TriCore Debug (TASKING) of project mypj boosted in 0 milliseconds. (incremental boost)

!ENTRY com.infineon.aurix.buildsystem 1 0 2025-07-25 15:55:25.570
!MESSAGE Include paths were discovered in 63 milliseconds.

!ENTRY com.infineon.aurix.buildsystem 1 0 2025-07-25 15:55:38.041
!MESSAGE Project index is not complete, and cannot be used for boosting.

!ENTRY com.infineon.aurix.buildsystem 1 0 2025-07-25 15:55:38.041
!MESSAGE Boosting configuration TriCore Debug (TASKING) of project mypj boosted in 0 milliseconds. (incremental boost)

!ENTRY com.infineon.aurix.buildsystem 1 0 2025-07-25 15:55:38.081
!MESSAGE Include paths were discovered in 37 milliseconds.

!ENTRY com.infineon.aurix.buildsystem 1 0 2025-07-25 15:55:55.342
!MESSAGE Project index is not complete, and cannot be used for boosting.

!ENTRY com.infineon.aurix.buildsystem 1 0 2025-07-25 15:55:55.343
!MESSAGE Boosting configuration TriCore Debug (TASKING) of project mypj boosted in 1 milliseconds. (incremental boost)

!ENTRY com.infineon.aurix.buildsystem 1 0 2025-07-25 15:55:55.396
!MESSAGE Include paths were discovered in 51 milliseconds.

!ENTRY com.infineon.aurix.buildsystem 1 0 2025-07-25 16:03:52.796
!MESSAGE Boosting configuration TriCore Debug (TASKING) of project mypj boosted in 1245 milliseconds. (incremental boost)

!ENTRY com.infineon.aurix.buildsystem 1 0 2025-07-25 16:03:52.835
!MESSAGE Include paths were discovered in 38 milliseconds.

!ENTRY com.infineon.aurix.buildsystem 1 0 2025-07-25 16:04:41.187
!MESSAGE Boosting configuration TriCore Debug (TASKING) of project mypj boosted in 189 milliseconds. (incremental boost)

!ENTRY com.infineon.aurix.buildsystem 1 0 2025-07-25 16:04:41.221
!MESSAGE Include paths were discovered in 33 milliseconds.

!ENTRY com.infineon.aurix.buildsystem 1 0 2025-07-25 16:06:17.537
!MESSAGE Project index is not complete, and cannot be used for boosting.

!ENTRY com.infineon.aurix.buildsystem 1 0 2025-07-25 16:06:17.538
!MESSAGE Boosting configuration TriCore Debug (TASKING) of project mypj boosted in 1 milliseconds. (incremental boost)

!ENTRY com.infineon.aurix.buildsystem 1 0 2025-07-25 16:06:17.578
!MESSAGE Include paths were discovered in 39 milliseconds.

!ENTRY com.infineon.aurix.buildsystem 1 0 2025-07-25 16:09:16.947
!MESSAGE Project index is not complete, and cannot be used for boosting.

!ENTRY com.infineon.aurix.buildsystem 1 0 2025-07-25 16:09:16.948
!MESSAGE Boosting configuration TriCore Debug (TASKING) of project mypj boosted in 1 milliseconds. (incremental boost)

!ENTRY com.infineon.aurix.buildsystem 1 0 2025-07-25 16:09:16.988
!MESSAGE Include paths were discovered in 38 milliseconds.

!ENTRY com.infineon.aurix.buildsystem 1 0 2025-07-25 16:27:21.460
!MESSAGE Project index is not complete, and cannot be used for boosting.

!ENTRY com.infineon.aurix.buildsystem 1 0 2025-07-25 16:27:21.461
!MESSAGE Boosting configuration TriCore Debug (TASKING) of project mypj boosted in 1 milliseconds. (incremental boost)

!ENTRY com.infineon.aurix.buildsystem 1 0 2025-07-25 16:27:21.521
!MESSAGE Include paths were discovered in 58 milliseconds.

!ENTRY com.infineon.aurix.buildsystem 1 0 2025-07-25 16:30:11.283
!MESSAGE Project index is not complete, and cannot be used for boosting.

!ENTRY com.infineon.aurix.buildsystem 1 0 2025-07-25 16:30:11.283
!MESSAGE Boosting configuration TriCore Debug (TASKING) of project mypj boosted in 0 milliseconds. (incremental boost)

!ENTRY com.infineon.aurix.buildsystem 1 0 2025-07-25 16:30:11.325
!MESSAGE Include paths were discovered in 40 milliseconds.

!ENTRY com.infineon.aurix.buildsystem 1 0 2025-07-25 16:32:41.524
!MESSAGE Project index is not complete, and cannot be used for boosting.

!ENTRY com.infineon.aurix.buildsystem 1 0 2025-07-25 16:32:41.525
!MESSAGE Boosting configuration TriCore Debug (TASKING) of project mypj boosted in 0 milliseconds. (incremental boost)

!ENTRY com.infineon.aurix.buildsystem 1 0 2025-07-25 16:32:41.567
!MESSAGE Include paths were discovered in 40 milliseconds.

!ENTRY com.infineon.aurix.buildsystem 1 0 2025-07-25 16:33:39.655
!MESSAGE Boosting configuration TriCore Debug (TASKING) of project mypj boosted in 1643 milliseconds. (incremental boost)

!ENTRY com.infineon.aurix.buildsystem 1 0 2025-07-25 16:33:39.698
!MESSAGE Include paths were discovered in 42 milliseconds.

!ENTRY com.infineon.aurix.buildsystem 1 0 2025-07-25 16:34:50.581
!MESSAGE Boosting configuration TriCore Debug (TASKING) of project mypj boosted in 260 milliseconds. (incremental boost)

!ENTRY com.infineon.aurix.buildsystem 1 0 2025-07-25 16:34:50.630
!MESSAGE Include paths were discovered in 48 milliseconds.

!ENTRY com.infineon.aurix.buildsystem 1 0 2025-07-25 16:34:57.122
!MESSAGE Project index is not complete, and cannot be used for boosting.

!ENTRY com.infineon.aurix.buildsystem 1 0 2025-07-25 16:34:57.123
!MESSAGE Boosting configuration TriCore Debug (TASKING) of project mypj boosted in 1 milliseconds. (incremental boost)

!ENTRY com.infineon.aurix.buildsystem 1 0 2025-07-25 16:34:57.166
!MESSAGE Include paths were discovered in 42 milliseconds.

!ENTRY com.infineon.aurix.buildsystem 1 0 2025-07-25 16:35:34.603
!MESSAGE Boosting configuration TriCore Debug (TASKING) of project mypj boosted in 1638 milliseconds. (incremental boost)

!ENTRY com.infineon.aurix.buildsystem 1 0 2025-07-25 16:35:34.648
!MESSAGE Include paths were discovered in 44 milliseconds.

!ENTRY com.infineon.aurix.buildsystem 1 0 2025-07-25 16:36:15.862
!MESSAGE Project index is not complete, and cannot be used for boosting.

!ENTRY com.infineon.aurix.buildsystem 1 0 2025-07-25 16:36:15.863
!MESSAGE Boosting configuration TriCore Debug (TASKING) of project mypj boosted in 1 milliseconds. (incremental boost)

!ENTRY com.infineon.aurix.buildsystem 1 0 2025-07-25 16:36:15.911
!MESSAGE Include paths were discovered in 47 milliseconds.

!ENTRY com.infineon.aurix.buildsystem 1 0 2025-07-25 16:38:57.389
!MESSAGE Project index is not complete, and cannot be used for boosting.

!ENTRY com.infineon.aurix.buildsystem 1 0 2025-07-25 16:38:57.390
!MESSAGE Boosting configuration TriCore Debug (TASKING) of project mypj boosted in 0 milliseconds. (incremental boost)

!ENTRY com.infineon.aurix.buildsystem 1 0 2025-07-25 16:38:57.443
!MESSAGE Include paths were discovered in 51 milliseconds.

!ENTRY com.infineon.aurix.buildsystem 1 0 2025-07-25 16:39:09.034
!MESSAGE Boosting configuration TriCore Debug (TASKING) of project mypj boosted in 301 milliseconds. (incremental boost)

!ENTRY com.infineon.aurix.buildsystem 1 0 2025-07-25 16:39:09.077
!MESSAGE Include paths were discovered in 42 milliseconds.

!ENTRY com.infineon.aurix.buildsystem 1 0 2025-07-25 16:40:39.980
!MESSAGE Boosting configuration TriCore Debug (TASKING) of project mypj boosted in 217 milliseconds. (incremental boost)

!ENTRY com.infineon.aurix.buildsystem 1 0 2025-07-25 16:40:40.023
!MESSAGE Include paths were discovered in 41 milliseconds.

!ENTRY com.infineon.aurix.buildsystem 1 0 2025-07-25 16:47:20.063
!MESSAGE Project index is not complete, and cannot be used for boosting.

!ENTRY com.infineon.aurix.buildsystem 1 0 2025-07-25 16:47:20.064
!MESSAGE Boosting configuration TriCore Debug (TASKING) of project mypj boosted in 0 milliseconds. (incremental boost)

!ENTRY com.infineon.aurix.buildsystem 1 0 2025-07-25 16:47:20.110
!MESSAGE Include paths were discovered in 44 milliseconds.

!ENTRY com.infineon.aurix.buildsystem 1 0 2025-07-25 16:49:33.562
!MESSAGE Project index is not complete, and cannot be used for boosting.

!ENTRY com.infineon.aurix.buildsystem 1 0 2025-07-25 16:49:33.563
!MESSAGE Boosting configuration TriCore Debug (TASKING) of project mypj boosted in 0 milliseconds. (incremental boost)

!ENTRY com.infineon.aurix.buildsystem 1 0 2025-07-25 16:49:33.633
!MESSAGE Include paths were discovered in 69 milliseconds.

!ENTRY com.infineon.aurix.buildsystem 1 0 2025-07-25 16:50:36.099
!MESSAGE Project index is not complete, and cannot be used for boosting.

!ENTRY com.infineon.aurix.buildsystem 1 0 2025-07-25 16:50:36.100
!MESSAGE Boosting configuration TriCore Debug (TASKING) of project mypj boosted in 0 milliseconds. (incremental boost)

!ENTRY com.infineon.aurix.buildsystem 1 0 2025-07-25 16:50:36.148
!MESSAGE Include paths were discovered in 47 milliseconds.

!ENTRY com.infineon.aurix.buildsystem 1 0 2025-07-25 17:00:16.889
!MESSAGE Project index is not complete, and cannot be used for boosting.

!ENTRY com.infineon.aurix.buildsystem 1 0 2025-07-25 17:00:16.890
!MESSAGE Boosting configuration TriCore Debug (TASKING) of project mypj boosted in 0 milliseconds. (incremental boost)

!ENTRY com.infineon.aurix.buildsystem 1 0 2025-07-25 17:00:16.938
!MESSAGE Include paths were discovered in 47 milliseconds.

!ENTRY com.infineon.aurix.buildsystem 1 0 2025-07-25 17:01:35.424
!MESSAGE Project index is not complete, and cannot be used for boosting.

!ENTRY com.infineon.aurix.buildsystem 1 0 2025-07-25 17:01:35.426
!MESSAGE Boosting configuration TriCore Debug (TASKING) of project mypj boosted in 22 milliseconds. (incremental boost)

!ENTRY com.infineon.aurix.buildsystem 1 0 2025-07-25 17:01:35.513
!MESSAGE Include paths were discovered in 86 milliseconds.

!ENTRY com.infineon.aurix.buildsystem 1 0 2025-07-25 17:04:25.790
!MESSAGE Project index is not complete, and cannot be used for boosting.

!ENTRY com.infineon.aurix.buildsystem 1 0 2025-07-25 17:04:25.791
!MESSAGE Boosting configuration TriCore Debug (TASKING) of project mypj boosted in 0 milliseconds. (incremental boost)

!ENTRY com.infineon.aurix.buildsystem 1 0 2025-07-25 17:04:25.864
!MESSAGE Include paths were discovered in 71 milliseconds.

!ENTRY com.infineon.aurix.buildsystem 1 0 2025-07-25 17:08:44.039
!MESSAGE Project index is not complete, and cannot be used for boosting.

!ENTRY com.infineon.aurix.buildsystem 1 0 2025-07-25 17:08:44.040
!MESSAGE Boosting configuration TriCore Debug (TASKING) of project mypj boosted in 0 milliseconds. (incremental boost)

!ENTRY com.infineon.aurix.buildsystem 1 0 2025-07-25 17:08:44.084
!MESSAGE Include paths were discovered in 43 milliseconds.

!ENTRY com.infineon.aurix.buildsystem 1 0 2025-07-25 17:12:45.113
!MESSAGE Boosting configuration TriCore Debug (TASKING) of project mypj boosted in 1756 milliseconds. (incremental boost)

!ENTRY com.infineon.aurix.buildsystem 1 0 2025-07-25 17:12:45.163
!MESSAGE Include paths were discovered in 48 milliseconds.

!ENTRY com.infineon.aurix.buildsystem 1 0 2025-07-25 17:13:49.743
!MESSAGE Project index is not complete, and cannot be used for boosting.

!ENTRY com.infineon.aurix.buildsystem 1 0 2025-07-25 17:13:49.744
!MESSAGE Boosting configuration TriCore Debug (TASKING) of project mypj boosted in 0 milliseconds. (incremental boost)

!ENTRY com.infineon.aurix.buildsystem 1 0 2025-07-25 17:13:49.784
!MESSAGE Include paths were discovered in 39 milliseconds.

!ENTRY com.infineon.aurix.buildsystem 1 0 2025-07-25 17:16:13.712
!MESSAGE Project index is not complete, and cannot be used for boosting.

!ENTRY com.infineon.aurix.buildsystem 1 0 2025-07-25 17:16:13.713
!MESSAGE Boosting configuration TriCore Debug (TASKING) of project mypj boosted in 0 milliseconds. (incremental boost)

!ENTRY com.infineon.aurix.buildsystem 1 0 2025-07-25 17:16:13.765
!MESSAGE Include paths were discovered in 50 milliseconds.

!ENTRY com.infineon.aurix.buildsystem 1 0 2025-07-25 17:21:59.453
!MESSAGE Project index is not complete, and cannot be used for boosting.

!ENTRY com.infineon.aurix.buildsystem 1 0 2025-07-25 17:21:59.453
!MESSAGE Boosting configuration TriCore Debug (TASKING) of project mypj boosted in 0 milliseconds. (incremental boost)

!ENTRY com.infineon.aurix.buildsystem 1 0 2025-07-25 17:21:59.500
!MESSAGE Include paths were discovered in 45 milliseconds.

!ENTRY com.infineon.aurix.buildsystem 1 0 2025-07-25 17:23:59.747
!MESSAGE Project index is not complete, and cannot be used for boosting.

!ENTRY com.infineon.aurix.buildsystem 1 0 2025-07-25 17:23:59.748
!MESSAGE Boosting configuration TriCore Debug (TASKING) of project mypj boosted in 0 milliseconds. (incremental boost)

!ENTRY com.infineon.aurix.buildsystem 1 0 2025-07-25 17:23:59.801
!MESSAGE Include paths were discovered in 52 milliseconds.

!ENTRY com.infineon.aurix.buildsystem 1 0 2025-07-25 17:25:21.107
!MESSAGE Project index is not complete, and cannot be used for boosting.

!ENTRY com.infineon.aurix.buildsystem 1 0 2025-07-25 17:25:21.108
!MESSAGE Boosting configuration TriCore Debug (TASKING) of project mypj boosted in 0 milliseconds. (incremental boost)

!ENTRY com.infineon.aurix.buildsystem 1 0 2025-07-25 17:25:21.157
!MESSAGE Include paths were discovered in 46 milliseconds.

!ENTRY com.infineon.aurix.buildsystem 1 0 2025-07-25 17:27:07.397
!MESSAGE Project index is not complete, and cannot be used for boosting.

!ENTRY com.infineon.aurix.buildsystem 1 0 2025-07-25 17:27:07.397
!MESSAGE Boosting configuration TriCore Debug (TASKING) of project mypj boosted in 0 milliseconds. (incremental boost)

!ENTRY com.infineon.aurix.buildsystem 1 0 2025-07-25 17:27:07.441
!MESSAGE Include paths were discovered in 42 milliseconds.

!ENTRY com.infineon.aurix.buildsystem 1 0 2025-07-25 17:27:37.399
!MESSAGE Project index is not complete, and cannot be used for boosting.

!ENTRY com.infineon.aurix.buildsystem 1 0 2025-07-25 17:27:37.400
!MESSAGE Boosting configuration TriCore Debug (TASKING) of project mypj boosted in 0 milliseconds. (incremental boost)

!ENTRY com.infineon.aurix.buildsystem 1 0 2025-07-25 17:27:37.447
!MESSAGE Include paths were discovered in 44 milliseconds.

!ENTRY com.infineon.aurix.buildsystem 1 0 2025-07-25 17:30:02.318
!MESSAGE Project index is not complete, and cannot be used for boosting.

!ENTRY com.infineon.aurix.buildsystem 1 0 2025-07-25 17:30:02.319
!MESSAGE Boosting configuration TriCore Debug (TASKING) of project mypj boosted in 0 milliseconds. (incremental boost)

!ENTRY com.infineon.aurix.buildsystem 1 0 2025-07-25 17:30:02.371
!MESSAGE Include paths were discovered in 51 milliseconds.

!ENTRY com.infineon.aurix.buildsystem 1 0 2025-07-25 17:31:04.325
!MESSAGE Project index is not complete, and cannot be used for boosting.

!ENTRY com.infineon.aurix.buildsystem 1 0 2025-07-25 17:31:04.325
!MESSAGE Boosting configuration TriCore Debug (TASKING) of project mypj boosted in 0 milliseconds. (incremental boost)

!ENTRY com.infineon.aurix.buildsystem 1 0 2025-07-25 17:31:04.369
!MESSAGE Include paths were discovered in 42 milliseconds.

!ENTRY com.infineon.aurix.buildsystem 1 0 2025-07-25 17:31:31.803
!MESSAGE Project index is not complete, and cannot be used for boosting.

!ENTRY com.infineon.aurix.buildsystem 1 0 2025-07-25 17:31:31.804
!MESSAGE Boosting configuration TriCore Debug (TASKING) of project mypj boosted in 0 milliseconds. (incremental boost)

!ENTRY com.infineon.aurix.buildsystem 1 0 2025-07-25 17:31:31.854
!MESSAGE Include paths were discovered in 49 milliseconds.

!ENTRY com.infineon.aurix.buildsystem 1 0 2025-07-25 17:31:57.354
!MESSAGE Project index is not complete, and cannot be used for boosting.

!ENTRY com.infineon.aurix.buildsystem 1 0 2025-07-25 17:31:57.355
!MESSAGE Boosting configuration TriCore Debug (TASKING) of project mypj boosted in 1 milliseconds. (incremental boost)

!ENTRY com.infineon.aurix.buildsystem 1 0 2025-07-25 17:31:57.439
!MESSAGE Include paths were discovered in 82 milliseconds.

!ENTRY com.infineon.aurix.buildsystem 1 0 2025-07-25 17:32:39.461
!MESSAGE Project index is not complete, and cannot be used for boosting.

!ENTRY com.infineon.aurix.buildsystem 1 0 2025-07-25 17:32:39.462
!MESSAGE Boosting configuration TriCore Debug (TASKING) of project mypj boosted in 1 milliseconds. (incremental boost)

!ENTRY com.infineon.aurix.buildsystem 1 0 2025-07-25 17:32:39.549
!MESSAGE Include paths were discovered in 86 milliseconds.

!ENTRY com.infineon.aurix.buildsystem 1 0 2025-07-25 17:33:26.741
!MESSAGE Project index is not complete, and cannot be used for boosting.

!ENTRY com.infineon.aurix.buildsystem 1 0 2025-07-25 17:33:26.741
!MESSAGE Boosting configuration TriCore Debug (TASKING) of project mypj boosted in 0 milliseconds. (incremental boost)

!ENTRY com.infineon.aurix.buildsystem 1 0 2025-07-25 17:33:26.811
!MESSAGE Include paths were discovered in 68 milliseconds.

!ENTRY com.infineon.aurix.buildsystem 1 0 2025-07-25 17:34:54.624
!MESSAGE Project index is not complete, and cannot be used for boosting.

!ENTRY com.infineon.aurix.buildsystem 1 0 2025-07-25 17:34:54.625
!MESSAGE Boosting configuration TriCore Debug (TASKING) of project mypj boosted in 0 milliseconds. (incremental boost)

!ENTRY com.infineon.aurix.buildsystem 1 0 2025-07-25 17:34:54.661
!MESSAGE Include paths were discovered in 35 milliseconds.

!ENTRY com.infineon.aurix.buildsystem 1 0 2025-07-25 17:35:19.953
!MESSAGE Project index is not complete, and cannot be used for boosting.

!ENTRY com.infineon.aurix.buildsystem 1 0 2025-07-25 17:35:19.954
!MESSAGE Boosting configuration TriCore Debug (TASKING) of project mypj boosted in 0 milliseconds. (incremental boost)

!ENTRY com.infineon.aurix.buildsystem 1 0 2025-07-25 17:35:19.988
!MESSAGE Include paths were discovered in 33 milliseconds.

!ENTRY com.infineon.aurix.buildsystem 1 0 2025-07-25 17:41:19.794
!MESSAGE Project index is not complete, and cannot be used for boosting.

!ENTRY com.infineon.aurix.buildsystem 1 0 2025-07-25 17:41:19.795
!MESSAGE Boosting configuration TriCore Debug (TASKING) of project mypj boosted in 0 milliseconds. (incremental boost)

!ENTRY com.infineon.aurix.buildsystem 1 0 2025-07-25 17:41:19.843
!MESSAGE Include paths were discovered in 46 milliseconds.

!ENTRY com.infineon.aurix.buildsystem 1 0 2025-07-25 17:41:56.262
!MESSAGE Project index is not complete, and cannot be used for boosting.

!ENTRY com.infineon.aurix.buildsystem 1 0 2025-07-25 17:41:56.263
!MESSAGE Boosting configuration TriCore Debug (TASKING) of project mypj boosted in 0 milliseconds. (incremental boost)

!ENTRY com.infineon.aurix.buildsystem 1 0 2025-07-25 17:41:56.304
!MESSAGE Include paths were discovered in 40 milliseconds.

!ENTRY com.infineon.aurix.buildsystem 1 0 2025-07-25 17:48:54.273
!MESSAGE Project index is not complete, and cannot be used for boosting.

!ENTRY com.infineon.aurix.buildsystem 1 0 2025-07-25 17:48:54.274
!MESSAGE Boosting configuration TriCore Debug (TASKING) of project mypj boosted in 0 milliseconds. (incremental boost)

!ENTRY com.infineon.aurix.buildsystem 1 0 2025-07-25 17:48:54.320
!MESSAGE Include paths were discovered in 45 milliseconds.

!ENTRY com.infineon.aurix.buildsystem 1 0 2025-07-25 17:49:07.335
!MESSAGE Boosting configuration TriCore Debug (TASKING) of project mypj boosted in 160 milliseconds. (incremental boost)

!ENTRY com.infineon.aurix.buildsystem 1 0 2025-07-25 17:49:07.367
!MESSAGE Include paths were discovered in 31 milliseconds.

!ENTRY com.infineon.aurix.buildsystem 1 0 2025-07-25 17:49:57.970
!MESSAGE Project index is not complete, and cannot be used for boosting.

!ENTRY com.infineon.aurix.buildsystem 1 0 2025-07-25 17:49:57.971
!MESSAGE Boosting configuration TriCore Debug (TASKING) of project mypj boosted in 0 milliseconds. (incremental boost)

!ENTRY com.infineon.aurix.buildsystem 1 0 2025-07-25 17:49:58.005
!MESSAGE Include paths were discovered in 34 milliseconds.
!SESSION 2025-07-30 13:39:07.811 -----------------------------------------------
eclipse.buildId=1.10.2
java.version=17.0.4.1
java.vendor=Eclipse Adoptium
BootLoader constants: OS=win32, ARCH=x86_64, WS=win32, NL=ko_KR
Framework arguments:  -perspective com.infineon.aurix.buildmanager.perspective.c
Command-line arguments:  -os win32 -ws win32 -arch x86_64 -perspective com.infineon.aurix.buildmanager.perspective.c

!ENTRY org.eclipse.core.resources 2 10035 2025-07-30 14:01:27.596
!MESSAGE The workspace exited with unsaved changes in the previous session; refreshing workspace to recover changes.

!ENTRY org.eclipse.ui 2 0 2025-07-30 14:01:30.285
!MESSAGE Warnings while parsing the commands from the 'org.eclipse.ui.commands' and 'org.eclipse.ui.actionDefinitions' extension points.
!SUBENTRY 1 org.eclipse.ui 2 0 2025-07-30 14:01:30.285
!MESSAGE Commands should really have a category: plug-in='com.infineon.aurix.buildsystem.debug', id='com.infineon.aurix.buildsystem.debug.debugActiveProjectCommand', categoryId='com.infineon.aurix.buildsystem.debug.debugActiveProjectCommand'

!ENTRY org.eclipse.ui 2 0 2025-07-30 14:01:48.990
!MESSAGE Warnings while parsing the commands from the 'org.eclipse.ui.commands' and 'org.eclipse.ui.actionDefinitions' extension points.
!SUBENTRY 1 org.eclipse.ui 2 0 2025-07-30 14:01:48.990
!MESSAGE Commands should really have a category: plug-in='com.infineon.aurix.buildsystem.debug', id='com.infineon.aurix.buildsystem.debug.debugActiveProjectCommand', categoryId='com.infineon.aurix.buildsystem.debug.debugActiveProjectCommand'

!ENTRY com.infineon.aurix.buildsystem 1 0 2025-07-30 14:01:51.942
!MESSAGE Url https://registerviewer.infineon.com/ is not reachable.

!ENTRY org.eclipse.e4.ui.workbench 2 0 2025-07-30 14:01:54.187
!MESSAGE Removing PartDescriptorImpl with the "org.eclipse.tcf.TraceView" id and the "TCF Trace" label.It points to the non available "bundleclass://org.eclipse.ui.workbench/org.eclipse.ui.internal.e4.compatibility.CompatibilityView" class. Bundle might have been uninstalled

!ENTRY org.eclipse.e4.ui.workbench 2 0 2025-07-30 14:01:54.189
!MESSAGE Removing PartDescriptorImpl with the "org.eclipse.tcf.ProfilerView" id and the "TCF Profiler" label.It points to the non available "bundleclass://org.eclipse.ui.workbench/org.eclipse.ui.internal.e4.compatibility.CompatibilityView" class. Bundle might have been uninstalled

!ENTRY com.infineon.aurix.buildsystem 4 0 2025-07-30 14:01:54.604
!MESSAGE ConnectException
!STACK 0
java.net.ConnectException
	at java.net.http/jdk.internal.net.http.HttpClientImpl.send(HttpClientImpl.java:573)
	at java.net.http/jdk.internal.net.http.HttpClientFacade.send(HttpClientFacade.java:123)
	at com.infineon.aurix.buildsystem.IFXNetworkUtils$1.run(IFXNetworkUtils.java:44)
	at org.eclipse.core.internal.jobs.Worker.run(Worker.java:63)
Caused by: java.net.ConnectException
	at java.net.http/jdk.internal.net.http.common.Utils.toConnectException(Utils.java:1047)
	at java.net.http/jdk.internal.net.http.PlainHttpConnection.connectAsync(PlainHttpConnection.java:198)
	at java.net.http/jdk.internal.net.http.AsyncSSLConnection.connectAsync(AsyncSSLConnection.java:56)
	at java.net.http/jdk.internal.net.http.Http1Exchange.sendHeadersAsync(Http1Exchange.java:239)
	at java.net.http/jdk.internal.net.http.Exchange.lambda$responseAsyncImpl0$9(Exchange.java:472)
	at java.net.http/jdk.internal.net.http.Exchange.checkFor407(Exchange.java:404)
	at java.net.http/jdk.internal.net.http.Exchange.lambda$responseAsyncImpl0$10(Exchange.java:476)
	at java.base/java.util.concurrent.CompletableFuture.uniHandle(CompletableFuture.java:934)
	at java.base/java.util.concurrent.CompletableFuture.uniHandleStage(CompletableFuture.java:950)
	at java.base/java.util.concurrent.CompletableFuture.handle(CompletableFuture.java:2340)
	at java.net.http/jdk.internal.net.http.Exchange.responseAsyncImpl0(Exchange.java:476)
	at java.net.http/jdk.internal.net.http.Exchange.responseAsyncImpl(Exchange.java:380)
	at java.net.http/jdk.internal.net.http.Exchange.responseAsync(Exchange.java:372)
	at java.net.http/jdk.internal.net.http.MultiExchange.responseAsyncImpl(MultiExchange.java:408)
	at java.net.http/jdk.internal.net.http.MultiExchange.lambda$responseAsyncImpl$7(MultiExchange.java:449)
	at java.base/java.util.concurrent.CompletableFuture.uniHandle(CompletableFuture.java:934)
	at java.base/java.util.concurrent.CompletableFuture.uniHandleStage(CompletableFuture.java:950)
	at java.base/java.util.concurrent.CompletableFuture.handle(CompletableFuture.java:2340)
	at java.net.http/jdk.internal.net.http.MultiExchange.responseAsyncImpl(MultiExchange.java:439)
	at java.net.http/jdk.internal.net.http.MultiExchange.lambda$responseAsync0$2(MultiExchange.java:341)
	at java.base/java.util.concurrent.CompletableFuture$UniCompose.tryFire(CompletableFuture.java:1150)
	at java.base/java.util.concurrent.CompletableFuture.postComplete(CompletableFuture.java:510)
	at java.base/java.util.concurrent.CompletableFuture$AsyncSupply.run(CompletableFuture.java:1773)
	at java.net.http/jdk.internal.net.http.HttpClientImpl$DelegatingExecutor.execute(HttpClientImpl.java:157)
	at java.base/java.util.concurrent.CompletableFuture.completeAsync(CompletableFuture.java:2673)
	at java.net.http/jdk.internal.net.http.MultiExchange.responseAsync(MultiExchange.java:294)
	at java.net.http/jdk.internal.net.http.HttpClientImpl.sendAsync(HttpClientImpl.java:654)
	at java.net.http/jdk.internal.net.http.HttpClientImpl.send(HttpClientImpl.java:552)
	... 3 more
Caused by: java.nio.channels.UnresolvedAddressException
	at java.base/sun.nio.ch.Net.checkAddress(Net.java:149)
	at java.base/sun.nio.ch.Net.checkAddress(Net.java:157)
	at java.base/sun.nio.ch.SocketChannelImpl.checkRemote(SocketChannelImpl.java:816)
	at java.base/sun.nio.ch.SocketChannelImpl.connect(SocketChannelImpl.java:839)
	at java.net.http/jdk.internal.net.http.PlainHttpConnection.lambda$connectAsync$0(PlainHttpConnection.java:183)
	at java.base/java.security.AccessController.doPrivileged(AccessController.java:569)
	at java.net.http/jdk.internal.net.http.PlainHttpConnection.connectAsync(PlainHttpConnection.java:185)
	... 29 more

!ENTRY com.infineon.aurix.buildsystem.analytics 2 0 2025-07-30 14:01:54.895
!MESSAGE Unable to initialize Analytics Service.

!ENTRY com.infineon.aurix.buildsystem.analytics 4 0 2025-07-30 14:01:54.896
!MESSAGE java.net.MalformedURLException: no protocol: 
!STACK 0
java.lang.IllegalArgumentException: java.net.MalformedURLException: no protocol: 
	at com.google.api.client.http.GenericUrl.parseURL(GenericUrl.java:679)
	at com.google.api.client.http.GenericUrl.<init>(GenericUrl.java:125)
	at com.google.api.client.http.GenericUrl.<init>(GenericUrl.java:108)
	at com.infineon.aurix.buildsystem.analytics.AnalyticsService.<init>(AnalyticsService.java:66)
	at com.infineon.aurix.buildsystem.analytics.AnalyticsService.getInstance(AnalyticsService.java:95)
	at com.infineon.aurix.buildsystem.Logger.logError(Logger.java:34)
	at com.infineon.aurix.buildsystem.IFXNetworkUtils$1.run(IFXNetworkUtils.java:47)
	at org.eclipse.core.internal.jobs.Worker.run(Worker.java:63)
Caused by: java.net.MalformedURLException: no protocol: 
	at java.base/java.net.URL.<init>(URL.java:674)
	at java.base/java.net.URL.<init>(URL.java:569)
	at java.base/java.net.URL.<init>(URL.java:516)
	at com.google.api.client.http.GenericUrl.parseURL(GenericUrl.java:677)
	... 7 more

!ENTRY com.infineon.aurix.buildsystem.notification 4 0 2025-07-30 14:01:55.471
!MESSAGE PKIX path building failed: sun.security.provider.certpath.SunCertPathBuilderException: unable to find valid certification path to requested target
!STACK 0
javax.net.ssl.SSLHandshakeException: PKIX path building failed: sun.security.provider.certpath.SunCertPathBuilderException: unable to find valid certification path to requested target
	at java.base/sun.security.ssl.Alert.createSSLException(Alert.java:131)
	at java.base/sun.security.ssl.TransportContext.fatal(TransportContext.java:371)
	at java.base/sun.security.ssl.TransportContext.fatal(TransportContext.java:314)
	at java.base/sun.security.ssl.TransportContext.fatal(TransportContext.java:309)
	at java.base/sun.security.ssl.CertificateMessage$T13CertificateConsumer.checkServerCerts(CertificateMessage.java:1357)
	at java.base/sun.security.ssl.CertificateMessage$T13CertificateConsumer.onConsumeCertificate(CertificateMessage.java:1232)
	at java.base/sun.security.ssl.CertificateMessage$T13CertificateConsumer.consume(CertificateMessage.java:1175)
	at java.base/sun.security.ssl.SSLHandshake.consume(SSLHandshake.java:396)
	at java.base/sun.security.ssl.HandshakeContext.dispatch(HandshakeContext.java:480)
	at java.base/sun.security.ssl.HandshakeContext.dispatch(HandshakeContext.java:458)
	at java.base/sun.security.ssl.TransportContext.dispatch(TransportContext.java:201)
	at java.base/sun.security.ssl.SSLTransport.decode(SSLTransport.java:172)
	at java.base/sun.security.ssl.SSLSocketImpl.decode(SSLSocketImpl.java:1505)
	at java.base/sun.security.ssl.SSLSocketImpl.readHandshakeRecord(SSLSocketImpl.java:1420)
	at java.base/sun.security.ssl.SSLSocketImpl.startHandshake(SSLSocketImpl.java:455)
	at java.base/sun.security.ssl.SSLSocketImpl.startHandshake(SSLSocketImpl.java:426)
	at java.base/sun.net.www.protocol.https.HttpsClient.afterConnect(HttpsClient.java:580)
	at java.base/sun.net.www.protocol.https.AbstractDelegateHttpsURLConnection.connect(AbstractDelegateHttpsURLConnection.java:187)
	at java.base/sun.net.www.protocol.https.HttpsURLConnectionImpl.connect(HttpsURLConnectionImpl.java:142)
	at com.google.api.client.http.javanet.NetHttpRequest.execute(NetHttpRequest.java:148)
	at com.google.api.client.http.javanet.NetHttpRequest.execute(NetHttpRequest.java:84)
	at com.google.api.client.http.HttpRequest.execute(HttpRequest.java:1012)
	at com.infineon.aurix.buildsystem.notification.NotificationService$NotificationGetJob.run(NotificationService.java:205)
	at org.eclipse.core.internal.jobs.Worker.run(Worker.java:63)
Caused by: sun.security.validator.ValidatorException: PKIX path building failed: sun.security.provider.certpath.SunCertPathBuilderException: unable to find valid certification path to requested target
	at java.base/sun.security.validator.PKIXValidator.doBuild(PKIXValidator.java:439)
	at java.base/sun.security.validator.PKIXValidator.engineValidate(PKIXValidator.java:306)
	at java.base/sun.security.validator.Validator.validate(Validator.java:264)
	at java.base/sun.security.ssl.X509TrustManagerImpl.checkTrusted(X509TrustManagerImpl.java:231)
	at java.base/sun.security.ssl.X509TrustManagerImpl.checkServerTrusted(X509TrustManagerImpl.java:132)
	at java.base/sun.security.ssl.CertificateMessage$T13CertificateConsumer.checkServerCerts(CertificateMessage.java:1341)
	... 19 more
Caused by: sun.security.provider.certpath.SunCertPathBuilderException: unable to find valid certification path to requested target
	at java.base/sun.security.provider.certpath.SunCertPathBuilder.build(SunCertPathBuilder.java:141)
	at java.base/sun.security.provider.certpath.SunCertPathBuilder.engineBuild(SunCertPathBuilder.java:126)
	at java.base/java.security.cert.CertPathBuilder.build(CertPathBuilder.java:297)
	at java.base/sun.security.validator.PKIXValidator.doBuild(PKIXValidator.java:434)
	... 24 more

!ENTRY com.infineon.aurix.buildsystem.notification 4 0 2025-07-30 14:01:55.474
!MESSAGE PKIX path building failed: sun.security.provider.certpath.SunCertPathBuilderException: unable to find valid certification path to requested target
!STACK 0
javax.net.ssl.SSLHandshakeException: PKIX path building failed: sun.security.provider.certpath.SunCertPathBuilderException: unable to find valid certification path to requested target
	at java.base/sun.security.ssl.Alert.createSSLException(Alert.java:131)
	at java.base/sun.security.ssl.TransportContext.fatal(TransportContext.java:371)
	at java.base/sun.security.ssl.TransportContext.fatal(TransportContext.java:314)
	at java.base/sun.security.ssl.TransportContext.fatal(TransportContext.java:309)
	at java.base/sun.security.ssl.CertificateMessage$T13CertificateConsumer.checkServerCerts(CertificateMessage.java:1357)
	at java.base/sun.security.ssl.CertificateMessage$T13CertificateConsumer.onConsumeCertificate(CertificateMessage.java:1232)
	at java.base/sun.security.ssl.CertificateMessage$T13CertificateConsumer.consume(CertificateMessage.java:1175)
	at java.base/sun.security.ssl.SSLHandshake.consume(SSLHandshake.java:396)
	at java.base/sun.security.ssl.HandshakeContext.dispatch(HandshakeContext.java:480)
	at java.base/sun.security.ssl.HandshakeContext.dispatch(HandshakeContext.java:458)
	at java.base/sun.security.ssl.TransportContext.dispatch(TransportContext.java:201)
	at java.base/sun.security.ssl.SSLTransport.decode(SSLTransport.java:172)
	at java.base/sun.security.ssl.SSLSocketImpl.decode(SSLSocketImpl.java:1505)
	at java.base/sun.security.ssl.SSLSocketImpl.readHandshakeRecord(SSLSocketImpl.java:1420)
	at java.base/sun.security.ssl.SSLSocketImpl.startHandshake(SSLSocketImpl.java:455)
	at java.base/sun.security.ssl.SSLSocketImpl.startHandshake(SSLSocketImpl.java:426)
	at java.base/sun.net.www.protocol.https.HttpsClient.afterConnect(HttpsClient.java:580)
	at java.base/sun.net.www.protocol.https.AbstractDelegateHttpsURLConnection.connect(AbstractDelegateHttpsURLConnection.java:187)
	at java.base/sun.net.www.protocol.https.HttpsURLConnectionImpl.connect(HttpsURLConnectionImpl.java:142)
	at com.google.api.client.http.javanet.NetHttpRequest.execute(NetHttpRequest.java:148)
	at com.google.api.client.http.javanet.NetHttpRequest.execute(NetHttpRequest.java:84)
	at com.google.api.client.http.HttpRequest.execute(HttpRequest.java:1012)
	at com.infineon.aurix.buildsystem.notification.NotificationService$NotificationGetJob.run(NotificationService.java:205)
	at org.eclipse.core.internal.jobs.Worker.run(Worker.java:63)
Caused by: sun.security.validator.ValidatorException: PKIX path building failed: sun.security.provider.certpath.SunCertPathBuilderException: unable to find valid certification path to requested target
	at java.base/sun.security.validator.PKIXValidator.doBuild(PKIXValidator.java:439)
	at java.base/sun.security.validator.PKIXValidator.engineValidate(PKIXValidator.java:306)
	at java.base/sun.security.validator.Validator.validate(Validator.java:264)
	at java.base/sun.security.ssl.X509TrustManagerImpl.checkTrusted(X509TrustManagerImpl.java:231)
	at java.base/sun.security.ssl.X509TrustManagerImpl.checkServerTrusted(X509TrustManagerImpl.java:132)
	at java.base/sun.security.ssl.CertificateMessage$T13CertificateConsumer.checkServerCerts(CertificateMessage.java:1341)
	... 19 more
Caused by: sun.security.provider.certpath.SunCertPathBuilderException: unable to find valid certification path to requested target
	at java.base/sun.security.provider.certpath.SunCertPathBuilder.build(SunCertPathBuilder.java:141)
	at java.base/sun.security.provider.certpath.SunCertPathBuilder.engineBuild(SunCertPathBuilder.java:126)
	at java.base/java.security.cert.CertPathBuilder.build(CertPathBuilder.java:297)
	at java.base/sun.security.validator.PKIXValidator.doBuild(PKIXValidator.java:434)
	... 24 more
!SESSION 2025-07-30 14:19:06.249 -----------------------------------------------
eclipse.buildId=1.10.2
java.version=17.0.4.1
java.vendor=Eclipse Adoptium
BootLoader constants: OS=win32, ARCH=x86_64, WS=win32, NL=ko_KR
Framework arguments:  -perspective com.infineon.aurix.buildmanager.perspective.c
Command-line arguments:  -os win32 -ws win32 -arch x86_64 -perspective com.infineon.aurix.buildmanager.perspective.c

!ENTRY org.eclipse.ui 2 0 2025-07-30 14:19:10.273
!MESSAGE Warnings while parsing the commands from the 'org.eclipse.ui.commands' and 'org.eclipse.ui.actionDefinitions' extension points.
!SUBENTRY 1 org.eclipse.ui 2 0 2025-07-30 14:19:10.273
!MESSAGE Commands should really have a category: plug-in='com.infineon.aurix.buildsystem.debug', id='com.infineon.aurix.buildsystem.debug.debugActiveProjectCommand', categoryId='com.infineon.aurix.buildsystem.debug.debugActiveProjectCommand'

!ENTRY org.eclipse.ui 2 0 2025-07-30 14:19:10.879
!MESSAGE Warnings while parsing the commands from the 'org.eclipse.ui.commands' and 'org.eclipse.ui.actionDefinitions' extension points.
!SUBENTRY 1 org.eclipse.ui 2 0 2025-07-30 14:19:10.879
!MESSAGE Commands should really have a category: plug-in='com.infineon.aurix.buildsystem.debug', id='com.infineon.aurix.buildsystem.debug.debugActiveProjectCommand', categoryId='com.infineon.aurix.buildsystem.debug.debugActiveProjectCommand'

!ENTRY com.infineon.aurix.buildsystem 1 0 2025-07-30 14:19:12.947
!MESSAGE Url https://registerviewer.infineon.com/ is not reachable.

!ENTRY com.infineon.aurix.buildsystem 4 0 2025-07-30 14:19:14.187
!MESSAGE ConnectException
!STACK 0
java.net.ConnectException
	at java.net.http/jdk.internal.net.http.HttpClientImpl.send(HttpClientImpl.java:573)
	at java.net.http/jdk.internal.net.http.HttpClientFacade.send(HttpClientFacade.java:123)
	at com.infineon.aurix.buildsystem.IFXNetworkUtils$1.run(IFXNetworkUtils.java:44)
	at org.eclipse.core.internal.jobs.Worker.run(Worker.java:63)
Caused by: java.net.ConnectException
	at java.net.http/jdk.internal.net.http.common.Utils.toConnectException(Utils.java:1047)
	at java.net.http/jdk.internal.net.http.PlainHttpConnection.connectAsync(PlainHttpConnection.java:198)
	at java.net.http/jdk.internal.net.http.AsyncSSLConnection.connectAsync(AsyncSSLConnection.java:56)
	at java.net.http/jdk.internal.net.http.Http1Exchange.sendHeadersAsync(Http1Exchange.java:239)
	at java.net.http/jdk.internal.net.http.Exchange.lambda$responseAsyncImpl0$9(Exchange.java:472)
	at java.net.http/jdk.internal.net.http.Exchange.checkFor407(Exchange.java:404)
	at java.net.http/jdk.internal.net.http.Exchange.lambda$responseAsyncImpl0$10(Exchange.java:476)
	at java.base/java.util.concurrent.CompletableFuture.uniHandle(CompletableFuture.java:934)
	at java.base/java.util.concurrent.CompletableFuture.uniHandleStage(CompletableFuture.java:950)
	at java.base/java.util.concurrent.CompletableFuture.handle(CompletableFuture.java:2340)
	at java.net.http/jdk.internal.net.http.Exchange.responseAsyncImpl0(Exchange.java:476)
	at java.net.http/jdk.internal.net.http.Exchange.responseAsyncImpl(Exchange.java:380)
	at java.net.http/jdk.internal.net.http.Exchange.responseAsync(Exchange.java:372)
	at java.net.http/jdk.internal.net.http.MultiExchange.responseAsyncImpl(MultiExchange.java:408)
	at java.net.http/jdk.internal.net.http.MultiExchange.lambda$responseAsyncImpl$7(MultiExchange.java:449)
	at java.base/java.util.concurrent.CompletableFuture.uniHandle(CompletableFuture.java:934)
	at java.base/java.util.concurrent.CompletableFuture.uniHandleStage(CompletableFuture.java:950)
	at java.base/java.util.concurrent.CompletableFuture.handle(CompletableFuture.java:2340)
	at java.net.http/jdk.internal.net.http.MultiExchange.responseAsyncImpl(MultiExchange.java:439)
	at java.net.http/jdk.internal.net.http.MultiExchange.lambda$responseAsync0$2(MultiExchange.java:341)
	at java.base/java.util.concurrent.CompletableFuture$UniCompose.tryFire(CompletableFuture.java:1150)
	at java.base/java.util.concurrent.CompletableFuture.postComplete(CompletableFuture.java:510)
	at java.base/java.util.concurrent.CompletableFuture$AsyncSupply.run(CompletableFuture.java:1773)
	at java.net.http/jdk.internal.net.http.HttpClientImpl$DelegatingExecutor.execute(HttpClientImpl.java:157)
	at java.base/java.util.concurrent.CompletableFuture.completeAsync(CompletableFuture.java:2673)
	at java.net.http/jdk.internal.net.http.MultiExchange.responseAsync(MultiExchange.java:294)
	at java.net.http/jdk.internal.net.http.HttpClientImpl.sendAsync(HttpClientImpl.java:654)
	at java.net.http/jdk.internal.net.http.HttpClientImpl.send(HttpClientImpl.java:552)
	... 3 more
Caused by: java.nio.channels.UnresolvedAddressException
	at java.base/sun.nio.ch.Net.checkAddress(Net.java:149)
	at java.base/sun.nio.ch.Net.checkAddress(Net.java:157)
	at java.base/sun.nio.ch.SocketChannelImpl.checkRemote(SocketChannelImpl.java:816)
	at java.base/sun.nio.ch.SocketChannelImpl.connect(SocketChannelImpl.java:839)
	at java.net.http/jdk.internal.net.http.PlainHttpConnection.lambda$connectAsync$0(PlainHttpConnection.java:183)
	at java.base/java.security.AccessController.doPrivileged(AccessController.java:569)
	at java.net.http/jdk.internal.net.http.PlainHttpConnection.connectAsync(PlainHttpConnection.java:185)
	... 29 more

!ENTRY com.infineon.aurix.buildsystem.analytics 2 0 2025-07-30 14:19:14.215
!MESSAGE Unable to initialize Analytics Service.

!ENTRY com.infineon.aurix.buildsystem.analytics 4 0 2025-07-30 14:19:14.216
!MESSAGE java.net.MalformedURLException: no protocol: 
!STACK 0
java.lang.IllegalArgumentException: java.net.MalformedURLException: no protocol: 
	at com.google.api.client.http.GenericUrl.parseURL(GenericUrl.java:679)
	at com.google.api.client.http.GenericUrl.<init>(GenericUrl.java:125)
	at com.google.api.client.http.GenericUrl.<init>(GenericUrl.java:108)
	at com.infineon.aurix.buildsystem.analytics.AnalyticsService.<init>(AnalyticsService.java:66)
	at com.infineon.aurix.buildsystem.analytics.AnalyticsService.getInstance(AnalyticsService.java:95)
	at com.infineon.aurix.buildsystem.Logger.logError(Logger.java:34)
	at com.infineon.aurix.buildsystem.IFXNetworkUtils$1.run(IFXNetworkUtils.java:47)
	at org.eclipse.core.internal.jobs.Worker.run(Worker.java:63)
Caused by: java.net.MalformedURLException: no protocol: 
	at java.base/java.net.URL.<init>(URL.java:674)
	at java.base/java.net.URL.<init>(URL.java:569)
	at java.base/java.net.URL.<init>(URL.java:516)
	at com.google.api.client.http.GenericUrl.parseURL(GenericUrl.java:677)
	... 7 more

!ENTRY com.infineon.aurix.buildsystem.notification 2 0 2025-07-30 14:19:14.250
!MESSAGE Unable to initialize Notification Service.

!ENTRY com.infineon.aurix.buildsystem.notification 4 0 2025-07-30 14:19:14.251
!MESSAGE java.net.MalformedURLException: no protocol: 
!STACK 0
java.lang.IllegalArgumentException: java.net.MalformedURLException: no protocol: 
	at com.google.api.client.http.GenericUrl.parseURL(GenericUrl.java:679)
	at com.google.api.client.http.GenericUrl.<init>(GenericUrl.java:125)
	at com.google.api.client.http.GenericUrl.<init>(GenericUrl.java:108)
	at com.infineon.aurix.buildsystem.notification.NotificationService.<init>(NotificationService.java:64)
	at com.infineon.aurix.buildsystem.notification.NotificationService.getInstance(NotificationService.java:89)
	at com.infineon.aurix.buildsystem.analytics.AnalyticsService.send(AnalyticsService.java:159)
	at com.infineon.aurix.buildsystem.analytics.AnalyticsService.sendError(AnalyticsService.java:102)
	at com.infineon.aurix.buildsystem.Logger.logError(Logger.java:34)
	at com.infineon.aurix.buildsystem.IFXNetworkUtils$1.run(IFXNetworkUtils.java:47)
	at org.eclipse.core.internal.jobs.Worker.run(Worker.java:63)
Caused by: java.net.MalformedURLException: no protocol: 
	at java.base/java.net.URL.<init>(URL.java:674)
	at java.base/java.net.URL.<init>(URL.java:569)
	at java.base/java.net.URL.<init>(URL.java:516)
	at com.google.api.client.http.GenericUrl.parseURL(GenericUrl.java:677)
	... 9 more

!ENTRY com.infineon.aurix.buildsystem.notification 4 0 2025-07-30 14:19:14.316
!MESSAGE NullPointerException
!STACK 0
java.lang.NullPointerException
	at com.google.common.base.Preconditions.checkNotNull(Preconditions.java:889)
	at com.google.api.client.util.Preconditions.checkNotNull(Preconditions.java:125)
	at com.google.api.client.http.GenericUrl.buildAuthority(GenericUrl.java:389)
	at com.google.api.client.http.GenericUrl.build(GenericUrl.java:374)
	at com.google.api.client.http.HttpRequest.execute(HttpRequest.java:883)
	at com.infineon.aurix.buildsystem.notification.NotificationService$NotificationGetJob.run(NotificationService.java:205)
	at org.eclipse.core.internal.jobs.Worker.run(Worker.java:63)

!ENTRY com.infineon.aurix.buildsystem.notification 4 0 2025-07-30 14:19:14.527
!MESSAGE PKIX path building failed: sun.security.provider.certpath.SunCertPathBuilderException: unable to find valid certification path to requested target
!STACK 0
javax.net.ssl.SSLHandshakeException: PKIX path building failed: sun.security.provider.certpath.SunCertPathBuilderException: unable to find valid certification path to requested target
	at java.base/sun.security.ssl.Alert.createSSLException(Alert.java:131)
	at java.base/sun.security.ssl.TransportContext.fatal(TransportContext.java:371)
	at java.base/sun.security.ssl.TransportContext.fatal(TransportContext.java:314)
	at java.base/sun.security.ssl.TransportContext.fatal(TransportContext.java:309)
	at java.base/sun.security.ssl.CertificateMessage$T13CertificateConsumer.checkServerCerts(CertificateMessage.java:1357)
	at java.base/sun.security.ssl.CertificateMessage$T13CertificateConsumer.onConsumeCertificate(CertificateMessage.java:1232)
	at java.base/sun.security.ssl.CertificateMessage$T13CertificateConsumer.consume(CertificateMessage.java:1175)
	at java.base/sun.security.ssl.SSLHandshake.consume(SSLHandshake.java:396)
	at java.base/sun.security.ssl.HandshakeContext.dispatch(HandshakeContext.java:480)
	at java.base/sun.security.ssl.HandshakeContext.dispatch(HandshakeContext.java:458)
	at java.base/sun.security.ssl.TransportContext.dispatch(TransportContext.java:201)
	at java.base/sun.security.ssl.SSLTransport.decode(SSLTransport.java:172)
	at java.base/sun.security.ssl.SSLSocketImpl.decode(SSLSocketImpl.java:1505)
	at java.base/sun.security.ssl.SSLSocketImpl.readHandshakeRecord(SSLSocketImpl.java:1420)
	at java.base/sun.security.ssl.SSLSocketImpl.startHandshake(SSLSocketImpl.java:455)
	at java.base/sun.security.ssl.SSLSocketImpl.startHandshake(SSLSocketImpl.java:426)
	at java.base/sun.net.www.protocol.https.HttpsClient.afterConnect(HttpsClient.java:580)
	at java.base/sun.net.www.protocol.https.AbstractDelegateHttpsURLConnection.connect(AbstractDelegateHttpsURLConnection.java:187)
	at java.base/sun.net.www.protocol.https.HttpsURLConnectionImpl.connect(HttpsURLConnectionImpl.java:142)
	at com.google.api.client.http.javanet.NetHttpRequest.execute(NetHttpRequest.java:148)
	at com.google.api.client.http.javanet.NetHttpRequest.execute(NetHttpRequest.java:84)
	at com.google.api.client.http.HttpRequest.execute(HttpRequest.java:1012)
	at com.infineon.aurix.buildsystem.notification.NotificationService$NotificationGetJob.run(NotificationService.java:205)
	at org.eclipse.core.internal.jobs.Worker.run(Worker.java:63)
Caused by: sun.security.validator.ValidatorException: PKIX path building failed: sun.security.provider.certpath.SunCertPathBuilderException: unable to find valid certification path to requested target
	at java.base/sun.security.validator.PKIXValidator.doBuild(PKIXValidator.java:439)
	at java.base/sun.security.validator.PKIXValidator.engineValidate(PKIXValidator.java:306)
	at java.base/sun.security.validator.Validator.validate(Validator.java:264)
	at java.base/sun.security.ssl.X509TrustManagerImpl.checkTrusted(X509TrustManagerImpl.java:231)
	at java.base/sun.security.ssl.X509TrustManagerImpl.checkServerTrusted(X509TrustManagerImpl.java:132)
	at java.base/sun.security.ssl.CertificateMessage$T13CertificateConsumer.checkServerCerts(CertificateMessage.java:1341)
	... 19 more
Caused by: sun.security.provider.certpath.SunCertPathBuilderException: unable to find valid certification path to requested target
	at java.base/sun.security.provider.certpath.SunCertPathBuilder.build(SunCertPathBuilder.java:141)
	at java.base/sun.security.provider.certpath.SunCertPathBuilder.engineBuild(SunCertPathBuilder.java:126)
	at java.base/java.security.cert.CertPathBuilder.build(CertPathBuilder.java:297)
	at java.base/sun.security.validator.PKIXValidator.doBuild(PKIXValidator.java:434)
	... 24 more
